-------------------------------------------------------------------------------
Test set: com.sparkage.timebeam.application.service.TimerSyncServiceTest
-------------------------------------------------------------------------------
Tests run: 9, Failures: 1, Errors: 4, Skipped: 0, Time elapsed: 1.658 s <<< FAILURE! -- in com.sparkage.timebeam.application.service.TimerSyncServiceTest
com.sparkage.timebeam.application.service.TimerSyncServiceTest.pushTimerState_ShouldCreateNewTimerState_WhenNoneExists -- Time elapsed: 0.009 s <<< ERROR!
java.lang.RuntimeException: Failed to sync timer state
	at com.sparkage.timebeam.application.service.TimerSyncService.pushTimerState(TimerSyncService.java:82)
	at com.sparkage.timebeam.application.service.TimerSyncServiceTest.pushTimerState_ShouldCreateNewTimerState_WhenNoneExists(TimerSyncServiceTest.java:92)
	at java.base/java.lang.reflect.Method.invoke(Method.java:565)
	at java.base/java.util.ArrayList.forEach(ArrayList.java:1604)
	at java.base/java.util.ArrayList.forEach(ArrayList.java:1604)
Caused by: java.lang.IllegalArgumentException: Device not found: user=002be1ed-cce2-415c-bb0c-db4ea1471fc5, deviceId=080d41d5-eac1-45f1-875b-47925f51da57
	at com.sparkage.timebeam.application.service.TimerSyncService.pushTimerState(TimerSyncService.java:50)
	... 4 more

com.sparkage.timebeam.application.service.TimerSyncServiceTest.pushTimerState_ShouldIgnoreOlderState -- Time elapsed: 0.006 s <<< ERROR!
java.lang.RuntimeException: Failed to sync timer state
	at com.sparkage.timebeam.application.service.TimerSyncService.pushTimerState(TimerSyncService.java:82)
	at com.sparkage.timebeam.application.service.TimerSyncServiceTest.pushTimerState_ShouldIgnoreOlderState(TimerSyncServiceTest.java:123)
	at java.base/java.lang.reflect.Method.invoke(Method.java:565)
	at java.base/java.util.ArrayList.forEach(ArrayList.java:1604)
	at java.base/java.util.ArrayList.forEach(ArrayList.java:1604)
Caused by: java.lang.IllegalArgumentException: Device not found: user=cc53ab31-9529-4856-a0d7-1d1a10e087aa, deviceId=88169ace-ab1c-483d-a059-12b01ff04af3
	at com.sparkage.timebeam.application.service.TimerSyncService.pushTimerState(TimerSyncService.java:50)
	... 4 more

com.sparkage.timebeam.application.service.TimerSyncServiceTest.cleanupOldStates_ShouldDeleteOldStates -- Time elapsed: 0.012 s <<< FAILURE!
Argument(s) are different! Wanted:
timerStateRepository.findStaleTimerStates(
    2025-11-30T13:50:01.712535Z
);
-> at com.sparkage.timebeam.application.service.TimerSyncServiceTest.cleanupOldStates_ShouldDeleteOldStates(TimerSyncServiceTest.java:181)
Actual invocations have different arguments:
timerStateRepository.findStaleTimerStates(
    2025-11-30T13:50:01.713286Z
);
-> at com.sparkage.timebeam.application.service.TimerSyncService.cleanupOldStates(TimerSyncService.java:132)

	at com.sparkage.timebeam.application.service.TimerSyncServiceTest.cleanupOldStates_ShouldDeleteOldStates(TimerSyncServiceTest.java:181)
	at java.base/java.lang.reflect.Method.invoke(Method.java:565)
	at java.base/java.util.ArrayList.forEach(ArrayList.java:1604)
	at java.base/java.util.ArrayList.forEach(ArrayList.java:1604)

com.sparkage.timebeam.application.service.TimerSyncServiceTest.pushTimerState_ShouldThrowException_OnDatabaseError -- Time elapsed: 0.004 s <<< ERROR!
org.mockito.exceptions.misusing.UnnecessaryStubbingException: 

Unnecessary stubbings detected.
Clean & maintainable test code requires zero unnecessary code.
Following stubbings are unnecessary (click to navigate to relevant line of code):
  1. -> at com.sparkage.timebeam.application.service.TimerSyncServiceTest.pushTimerState_ShouldThrowException_OnDatabaseError(TimerSyncServiceTest.java:188)
Please remove unnecessary stubbings or use 'lenient' strictness. More info: javadoc for UnnecessaryStubbingException class.
	at org.mockito.junit.jupiter.MockitoExtension.afterEach(MockitoExtension.java:192)
	at java.base/java.util.ArrayList.forEach(ArrayList.java:1604)
	at java.base/java.util.ArrayList.forEach(ArrayList.java:1604)

com.sparkage.timebeam.application.service.TimerSyncServiceTest.pushTimerState_ShouldUpdateExistingTimerState_WhenNewerTimestamp -- Time elapsed: 0.003 s <<< ERROR!
java.lang.RuntimeException: Failed to sync timer state
	at com.sparkage.timebeam.application.service.TimerSyncService.pushTimerState(TimerSyncService.java:82)
	at com.sparkage.timebeam.application.service.TimerSyncServiceTest.pushTimerState_ShouldUpdateExistingTimerState_WhenNewerTimestamp(TimerSyncServiceTest.java:107)
	at java.base/java.lang.reflect.Method.invoke(Method.java:565)
	at java.base/java.util.ArrayList.forEach(ArrayList.java:1604)
	at java.base/java.util.ArrayList.forEach(ArrayList.java:1604)
Caused by: java.lang.IllegalArgumentException: Device not found: user=044686ff-aed2-4153-9643-59dbb7d842af, deviceId=87f398c3-7e19-4bb7-984c-4d7e9db1420d
	at com.sparkage.timebeam.application.service.TimerSyncService.pushTimerState(TimerSyncService.java:50)
	... 4 more

