<?xml version="1.0" encoding="UTF-8"?>
<testsuite xmlns:xsi="http://www.w3.org/2001/XMLSchema-instance" xsi:noNamespaceSchemaLocation="https://maven.apache.org/surefire/maven-surefire-plugin/xsd/surefire-test-report-3.0.xsd" version="3.0" name="com.sparkage.timebeam.presentation.controller.TimerSyncIntegrationTest" time="7.513" tests="16" errors="16" skipped="0" failures="0">
  <properties>
[...]
</properties>
  <testcase name="testOlderTimestamp_Rejected" classname="com.sparkage.timebeam.presentation.controller.TimerSyncIntegrationTest" time="0.002">
    <error message="Failed to load ApplicationContext for [WebMergedContextConfiguration@babef5e testClass = com.sparkage.timebeam.presentation.controller.TimerSyncIntegrationTest, locations = [], classes = [com.sparkage.timebeam.TimeBeamBackendApplication], contextInitializerClasses = [], activeProfiles = [&quot;test&quot;], propertySourceDescriptors = [], propertySourceProperties = [&quot;org.springframework.boot.test.context.SpringBootTestContextBootstrapper=true&quot;], contextCustomizers = [[ImportsContextCustomizer@50bdd956 key = [org.springframework.boot.autoconfigure.task.TaskExecutionAutoConfiguration, org.springframework.boot.autoconfigure.web.servlet.HttpEncodingAutoConfiguration, org.springframework.boot.autoconfigure.validation.ValidationAutoConfiguration, org.springframework.boot.autoconfigure.context.MessageSourceAutoConfiguration, org.springframework.boot.autoconfigure.hateoas.HypermediaAutoConfiguration, org.springframework.boot.autoconfigure.data.web.SpringDataWebAutoConfiguration, org.springframework.boot.autoconfigure.jackson.JacksonAutoConfiguration, org.springframework.boot.autoconfigure.thymeleaf.ThymeleafAutoConfiguration, org.springframework.boot.autoconfigure.web.servlet.error.ErrorMvcAutoConfiguration, org.springframework.boot.autoconfigure.gson.GsonAutoConfiguration, org.springframework.boot.autoconfigure.jsonb.JsonbAutoConfiguration, org.springframework.boot.autoconfigure.freemarker.FreeMarkerAutoConfiguration, org.springframework.boot.autoconfigure.web.servlet.WebMvcAutoConfiguration, org.springframework.boot.autoconfigure.http.HttpMessageConvertersAutoConfiguration, org.springframework.boot.autoconfigure.groovy.template.GroovyTemplateAutoConfiguration, org.springframework.boot.autoconfigure.mustache.MustacheAutoConfiguration]], org.springframework.boot.test.context.filter.ExcludeFilterContextCustomizer@72465eb2, org.springframework.boot.test.json.DuplicateJsonObjectContextCustomizerFactory$DuplicateJsonObjectContextCustomizer@19b75b2b, org.springframework.boot.test.mock.mockito.MockitoContextCustomizer@0, org.springframework.boot.test.web.client.TestRestTemplateContextCustomizer@6d6ddeb5, org.springframework.boot.test.autoconfigure.actuate.observability.ObservabilityContextCustomizerFactory$DisableObservabilityContextCustomizer@1f, org.springframework.boot.test.autoconfigure.properties.PropertyMappingContextCustomizer@0, org.springframework.boot.test.autoconfigure.web.servlet.WebDriverContextCustomizer@6459f4ea, org.springframework.boot.test.context.SpringBootTestAnnotation@48cdde18], resourceBasePath = &quot;src/main/webapp&quot;, contextLoader = org.springframework.boot.test.context.SpringBootContextLoader, parent = null]" type="java.lang.IllegalStateException"><![CDATA[java.lang.IllegalStateException: Failed to load ApplicationContext for [WebMergedContextConfiguration@babef5e testClass = com.sparkage.timebeam.presentation.controller.TimerSyncIntegrationTest, locations = [], classes = [com.sparkage.timebeam.TimeBeamBackendApplication], contextInitializerClasses = [], activeProfiles = ["test"], propertySourceDescriptors = [], propertySourceProperties = ["org.springframework.boot.test.context.SpringBootTestContextBootstrapper=true"], contextCustomizers = [[ImportsContextCustomizer@50bdd956 key = [org.springframework.boot.autoconfigure.task.TaskExecutionAutoConfiguration, org.springframework.boot.autoconfigure.web.servlet.HttpEncodingAutoConfiguration, org.springframework.boot.autoconfigure.validation.ValidationAutoConfiguration, org.springframework.boot.autoconfigure.context.MessageSourceAutoConfiguration, org.springframework.boot.autoconfigure.hateoas.HypermediaAutoConfiguration, org.springframework.boot.autoconfigure.data.web.SpringDataWebAutoConfiguration, org.springframework.boot.autoconfigure.jackson.JacksonAutoConfiguration, org.springframework.boot.autoconfigure.thymeleaf.ThymeleafAutoConfiguration, org.springframework.boot.autoconfigure.web.servlet.error.ErrorMvcAutoConfiguration, org.springframework.boot.autoconfigure.gson.GsonAutoConfiguration, org.springframework.boot.autoconfigure.jsonb.JsonbAutoConfiguration, org.springframework.boot.autoconfigure.freemarker.FreeMarkerAutoConfiguration, org.springframework.boot.autoconfigure.web.servlet.WebMvcAutoConfiguration, org.springframework.boot.autoconfigure.http.HttpMessageConvertersAutoConfiguration, org.springframework.boot.autoconfigure.groovy.template.GroovyTemplateAutoConfiguration, org.springframework.boot.autoconfigure.mustache.MustacheAutoConfiguration]], org.springframework.boot.test.context.filter.ExcludeFilterContextCustomizer@72465eb2, org.springframework.boot.test.json.DuplicateJsonObjectContextCustomizerFactory$DuplicateJsonObjectContextCustomizer@19b75b2b, org.springframework.boot.test.mock.mockito.MockitoContextCustomizer@0, org.springframework.boot.test.web.client.TestRestTemplateContextCustomizer@6d6ddeb5, org.springframework.boot.test.autoconfigure.actuate.observability.ObservabilityContextCustomizerFactory$DisableObservabilityContextCustomizer@1f, org.springframework.boot.test.autoconfigure.properties.PropertyMappingContextCustomizer@0, org.springframework.boot.test.autoconfigure.web.servlet.WebDriverContextCustomizer@6459f4ea, org.springframework.boot.test.context.SpringBootTestAnnotation@48cdde18], resourceBasePath = "src/main/webapp", contextLoader = org.springframework.boot.test.context.SpringBootContextLoader, parent = null]
	at org.springframework.test.context.cache.DefaultCacheAwareContextLoaderDelegate.loadContext(DefaultCacheAwareContextLoaderDelegate.java:180)
	at org.springframework.test.context.support.DefaultTestContext.getApplicationContext(DefaultTestContext.java:130)
	at org.springframework.test.context.web.ServletTestExecutionListener.setUpRequestContextIfNecessary(ServletTestExecutionListener.java:191)
	at org.springframework.test.context.web.ServletTestExecutionListener.prepareTestInstance(ServletTestExecutionListener.java:130)
	at org.springframework.test.context.TestContextManager.prepareTestInstance(TestContextManager.java:247)
	at org.springframework.test.context.junit.jupiter.SpringExtension.postProcessTestInstance(SpringExtension.java:163)
	at java.base/java.util.stream.ReferencePipeline$3$1.accept(ReferencePipeline.java:214)
	at java.base/java.util.stream.ReferencePipeline$2$1.accept(ReferencePipeline.java:197)
	at java.base/java.util.ArrayList$ArrayListSpliterator.forEachRemaining(ArrayList.java:1716)
	at java.base/java.util.stream.AbstractPipeline.copyInto(AbstractPipeline.java:570)
	at java.base/java.util.stream.AbstractPipeline.wrapAndCopyInto(AbstractPipeline.java:560)
	at java.base/java.util.stream.StreamSpliterators$WrappingSpliterator.forEachRemaining(StreamSpliterators.java:315)
	at java.base/java.util.stream.Streams$ConcatSpliterator.forEachRemaining(Streams.java:735)
	at java.base/java.util.stream.Streams$ConcatSpliterator.forEachRemaining(Streams.java:734)
	at java.base/java.util.stream.ReferencePipeline$Head.forEach(ReferencePipeline.java:803)
	at java.base/java.util.Optional.orElseGet(Optional.java:364)
	at java.base/java.util.ArrayList.forEach(ArrayList.java:1604)
	at java.base/java.util.ArrayList.forEach(ArrayList.java:1604)
Caused by: org.springframework.beans.factory.BeanCreationException: Error creating bean with name 'e2ETestDataSeeder': Invocation of init method failed
	at org.springframework.beans.factory.annotation.InitDestroyAnnotationBeanPostProcessor.postProcessBeforeInitialization(InitDestroyAnnotationBeanPostProcessor.java:222)
	at org.springframework.beans.factory.support.AbstractAutowireCapableBeanFactory.applyBeanPostProcessorsBeforeInitialization(AbstractAutowireCapableBeanFactory.java:421)
	at org.springframework.beans.factory.support.AbstractAutowireCapableBeanFactory.initializeBean(AbstractAutowireCapableBeanFactory.java:1767)
	at org.springframework.beans.factory.support.AbstractAutowireCapableBeanFactory.doCreateBean(AbstractAutowireCapableBeanFactory.java:601)
	at org.springframework.beans.factory.support.AbstractAutowireCapableBeanFactory.createBean(AbstractAutowireCapableBeanFactory.java:523)
	at org.springframework.beans.factory.support.AbstractBeanFactory.lambda$doGetBean$0(AbstractBeanFactory.java:325)
	at org.springframework.beans.factory.support.DefaultSingletonBeanRegistry.getSingleton(DefaultSingletonBeanRegistry.java:234)
	at org.springframework.beans.factory.support.AbstractBeanFactory.doGetBean(AbstractBeanFactory.java:323)
	at org.springframework.beans.factory.support.AbstractBeanFactory.getBean(AbstractBeanFactory.java:199)
	at org.springframework.beans.factory.support.DefaultListableBeanFactory.preInstantiateSingletons(DefaultListableBeanFactory.java:973)
	at org.springframework.context.support.AbstractApplicationContext.finishBeanFactoryInitialization(AbstractApplicationContext.java:946)
	at org.springframework.context.support.AbstractApplicationContext.refresh(AbstractApplicationContext.java:616)
	at org.springframework.boot.SpringApplication.refresh(SpringApplication.java:753)
	at org.springframework.boot.SpringApplication.refreshContext(SpringApplication.java:455)
	at org.springframework.boot.SpringApplication.run(SpringApplication.java:323)
	at org.springframework.boot.test.context.SpringBootContextLoader.lambda$loadContext$3(SpringBootContextLoader.java:137)
	at org.springframework.util.function.ThrowingSupplier.get(ThrowingSupplier.java:58)
	at org.springframework.util.function.ThrowingSupplier.get(ThrowingSupplier.java:46)
	at org.springframework.boot.SpringApplication.withHook(SpringApplication.java:1442)
	at org.springframework.boot.test.context.SpringBootContextLoader$ContextLoaderHook.run(SpringBootContextLoader.java:552)
	at org.springframework.boot.test.context.SpringBootContextLoader.loadContext(SpringBootContextLoader.java:137)
	at org.springframework.boot.test.context.SpringBootContextLoader.loadContext(SpringBootContextLoader.java:108)
	at org.springframework.test.context.cache.DefaultCacheAwareContextLoaderDelegate.loadContextInternal(DefaultCacheAwareContextLoaderDelegate.java:225)
	at org.springframework.test.context.cache.DefaultCacheAwareContextLoaderDelegate.loadContext(DefaultCacheAwareContextLoaderDelegate.java:152)
	... 17 more
Caused by: java.time.DateTimeException: Unable to obtain Instant from TemporalAccessor: 2025-12-05T13:43:11.987154 of type java.time.LocalDateTime
	at java.base/java.time.Instant.from(Instant.java:381)
	at com.sparkage.timebeam.E2ETestDataSeeder.seedTasks(E2ETestDataSeeder.java:93)
	at com.sparkage.timebeam.E2ETestDataSeeder.seedE2ETestData(E2ETestDataSeeder.java:57)
	at java.base/java.lang.reflect.Method.invoke(Method.java:565)
	at org.springframework.beans.factory.annotation.InitDestroyAnnotationBeanPostProcessor$LifecycleMethod.invoke(InitDestroyAnnotationBeanPostProcessor.java:457)
	at org.springframework.beans.factory.annotation.InitDestroyAnnotationBeanPostProcessor$LifecycleMetadata.invokeInitMethods(InitDestroyAnnotationBeanPostProcessor.java:401)
	at org.springframework.beans.factory.annotation.InitDestroyAnnotationBeanPostProcessor.postProcessBeforeInitialization(InitDestroyAnnotationBeanPostProcessor.java:219)
	... 40 more
Caused by: java.time.temporal.UnsupportedTemporalTypeException: Unsupported field: InstantSeconds
	at java.base/java.time.LocalDate.get0(LocalDate.java:700)
	at java.base/java.time.LocalDate.getLong(LocalDate.java:680)
	at java.base/java.time.LocalDateTime.getLong(LocalDateTime.java:720)
	at java.base/java.time.Instant.from(Instant.java:376)
	... 46 more
]]></error>
    <system-out><![CDATA[2025-12-07 13:43:04.709 [main] DEBUG o.s.b.t.c.SpringBootTestContextBootstrapper - Neither @ContextConfiguration nor @ContextHierarchy found for test class [TimerSyncIntegrationTest]: using SpringBootContextLoader
2025-12-07 13:43:04.710 [main] DEBUG o.s.t.c.s.AbstractContextLoader - Could not detect default resource locations for test class [com.sparkage.timebeam.presentation.controller.TimerSyncIntegrationTest]: no resource found for suffixes {-context.xml, Context.groovy}.
2025-12-07 13:43:04.711 [main] DEBUG o.s.b.t.c.SpringBootTestContextBootstrapper - Using ContextCustomizerFactory implementations for test class [TimerSyncIntegrationTest]: [ImportsContextCustomizerFactory, ExcludeFilterContextCustomizerFactory, HttpGraphQlTesterContextCustomizerFactory, DuplicateJsonObjectContextCustomizerFactory, MockitoContextCustomizerFactory, TestRestTemplateContextCustomizerFactory, WebTestClientContextCustomizerFactory, OverrideAutoConfigurationContextCustomizerFactory, ObservabilityContextCustomizerFactory, TypeExcludeFiltersContextCustomizerFactory, PropertyMappingContextCustomizerFactory, WebDriverContextCustomizerFactory, MockServerContainerContextCustomizerFactory, DynamicPropertiesContextCustomizerFactory]
2025-12-07 13:43:04.723 [main] DEBUG o.s.b.t.c.SpringBootTestContextBootstrapper - Using ContextCustomizers for test class [TimerSyncIntegrationTest]: [ImportsContextCustomizer, ExcludeFilterContextCustomizer, DuplicateJsonObjectContextCustomizer, MockitoContextCustomizer, TestRestTemplateContextCustomizer, DisableObservabilityContextCustomizer, PropertyMappingContextCustomizer, WebDriverContextCustomizer]
2025-12-07 13:43:04.746 [main] DEBUG o.s.t.c.u.TestContextSpringFactoriesUtils - Skipping candidate TestExecutionListener [org.springframework.test.context.observation.MicrometerObservationRegistryTestExecutionListener] due to a missing dependency. Specify custom TestExecutionListener classes or make the default TestExecutionListener classes and their required dependencies available. Offending class: io.micrometer.context.ThreadLocalAccessor. MicrometerObservationRegistryTestExecutionListener requires io.micrometer:micrometer-observation:1.10.8 or higher and io.micrometer:context-propagation:1.0.3 or higher.
2025-12-07 13:43:04.748 [main] DEBUG o.s.b.t.c.SpringBootTestContextBootstrapper - Using TestExecutionListeners for test class [TimerSyncIntegrationTest]: [ServletTestExecutionListener, DirtiesContextBeforeModesTestExecutionListener, ApplicationEventsTestExecutionListener, MockitoTestExecutionListener, DependencyInjectionTestExecutionListener, DirtiesContextTestExecutionListener, TransactionalTestExecutionListener, SqlScriptsTestExecutionListener, EventPublishingTestExecutionListener, WithSecurityContextTestExecutionListener, ReactorContextTestExecutionListener, ResetMocksTestExecutionListener, RestDocsTestExecutionListener, MockRestServiceServerResetTestExecutionListener, MockMvcPrintOnlyOnFailureTestExecutionListener, WebDriverTestExecutionListener, MockWebServiceServerTestExecutionListener]
2025-12-07 13:43:04.749 [main] DEBUG o.s.t.c.s.DirtiesContextBeforeModesTestExecutionListener - Before test class: class [TimerSyncIntegrationTest], class annotated with @DirtiesContext [false] with mode [null]
2025-12-07 13:43:04.972 [main] DEBUG o.s.boot.env.OriginTrackedYamlLoader - Loading from YAML: class path resource [application.yml]
2025-12-07 13:43:04.979 [main] DEBUG o.s.boot.env.OriginTrackedYamlLoader - Merging document (no matchers set): {server={port=8080, address=0.0.0.0}, spring={datasource={url=${SPRING_DATASOURCE_URL:jdbc:postgresql://localhost:5432/timebeam}, username=${SPRING_DATASOURCE_USERNAME:timebeam}, password=${SPRING_DATASOURCE_PASSWORD:timebeam}, driver-class-name=org.postgresql.Driver}, jpa={hibernate={ddl-auto=update}, show-sql=false, properties={hibernate={format_sql=true}}}, main={allow-bean-definition-overriding=false}}, jwt={secret=${JWT_SECRET:change-me-to-a-long-random-secret}, expiration-ms=86400000}, logging={level={root=INFO, com.sparkage.timebeam=DEBUG, org.springframework=DEBUG, org.springframework.web=DEBUG, org.springframework.security=DEBUG, org.hibernate.SQL=DEBUG}, pattern={console=%d{yyyy-MM-dd HH:mm:ss} %-5level [%thread] %logger{36} - %msg%n, file=%d{yyyy-MM-dd HH:mm:ss} %-5level [%thread] %logger{36} - %msg%n}, file={name=logs/timebeam.log, max-size=10MB, max-history=1, total-size-cap=100MB}, logback={rollingpolicy={max-file-size=10MB, max-history=1, total-size-cap=100MB, file-name-pattern=logs/timebeam.%d{yyyy-MM-dd}.%i.log}}}, app={debug=${APP_DEBUG:false}}, apns={enabled=true, key-path=${APNS_KEY_PATH:/path/to/apns/AuthKey_ABC123DEFG.p8}, key-id=${APNS_KEY_ID:ABC123DEFG}, team-id=${APNS_TEAM_ID:DEF456GHI}, bundle-id=${APNS_BUNDLE_ID:com.sparkage.timebeam}, production=false}}
2025-12-07 13:43:04.982 [main] DEBUG o.s.boot.env.OriginTrackedYamlLoader - Loaded 1 document from YAML resource: class path resource [application.yml]
2025-12-07 13:43:04.991 [main] DEBUG o.s.boot.env.OriginTrackedYamlLoader - Loading from YAML: class path resource [application-test.yml]
2025-12-07 13:43:04.995 [main] DEBUG o.s.boot.env.OriginTrackedYamlLoader - Merging document (no matchers set): {spring={main={allow-bean-definition-overriding=true}, datasource={url=jdbc:h2:mem:testdb;DB_CLOSE_DELAY=-1;DB_CLOSE_ON_EXIT=FALSE, driver-class-name=org.h2.Driver, username=sa, password=}, jpa={hibernate={ddl-auto=create-drop}, show-sql=false, properties={hibernate={dialect=org.hibernate.dialect.H2Dialect, format_sql=true}}}, security={enabled=true}}, jwt={secret=test-jwt-secret-key-for-testing-purposes-only-not-for-production-use, expiration-ms=86400000}, logging={level={com.sparkage.timebeam=DEBUG, org.springframework.security=DEBUG, org.springframework.test=DEBUG}, pattern={console=%d{HH:mm:ss.SSS} [%thread] %-5level %logger{36} - %msg%n}}}
2025-12-07 13:43:04.996 [main] DEBUG o.s.boot.env.OriginTrackedYamlLoader - Loaded 1 document from YAML resource: class path resource [application-test.yml]
2025-12-07 13:43:04.998 [main] DEBUG o.s.b.w.s.c.ApplicationServletEnvironment - Activating profiles [test]
2025-12-07 13:43:05.001 [main] DEBUG o.s.c.e.PropertySourcesPropertyResolver - Found key 'logging.pattern.console' in PropertySource 'configurationProperties' with value of type String
2025-12-07 13:43:05.002 [main] DEBUG o.s.c.e.PropertySourcesPropertyResolver - Found key 'logging.pattern.file' in PropertySource 'configurationProperties' with value of type String
2025-12-07 13:43:05.002 [main] DEBUG o.s.c.e.PropertySourcesPropertyResolver - Found key 'logging.logback.rollingpolicy.file-name-pattern' in PropertySource 'configurationProperties' with value of type String
2025-12-07 13:43:05.002 [main] DEBUG o.s.c.e.PropertySourcesPropertyResolver - Found key 'logging.logback.rollingpolicy.max-file-size' in PropertySource 'configurationProperties' with value of type String
2025-12-07 13:43:05.003 [main] DEBUG o.s.c.e.PropertySourcesPropertyResolver - Found key 'logging.logback.rollingpolicy.total-size-cap' in PropertySource 'configurationProperties' with value of type String
2025-12-07 13:43:05.003 [main] DEBUG o.s.c.e.PropertySourcesPropertyResolver - Found key 'logging.logback.rollingpolicy.max-history' in PropertySource 'configurationProperties' with value of type Integer

  .   ____          _            __ _ _
 /\\ / ___'_ __ _ _(_)_ __  __ _ \ \ \ \
( ( )\___ | '_ | '_| | '_ \/ _` | \ \ \ \
 \\/  ___)| |_)| | | | | || (_| |  ) ) ) )
  '  |____| .__|_| |_|_| |_\__, | / / / /
 =========|_|==============|___/=/_/_/_/
 :: Spring Boot ::                (v3.2.0)

2025-12-07 13:43:05.018 [main] INFO  c.s.t.p.c.TimerSyncIntegrationTest - Starting TimerSyncIntegrationTest using Java 25.0.1 with PID 63992 (started by kayisrahman in /Users/kayisrahman/Documents/workspace/ideas/time-beam/back-end)
2025-12-07 13:43:05.018 [main] DEBUG c.s.t.p.c.TimerSyncIntegrationTest - Running with Spring Boot v3.2.0, Spring v6.1.1
2025-12-07 13:43:05.018 [main] INFO  c.s.t.p.c.TimerSyncIntegrationTest - The following 1 profile is active: "test"
2025-12-07 13:43:05.019 [main] DEBUG o.s.boot.SpringApplication - Loading source class com.sparkage.timebeam.TimeBeamBackendApplication
2025-12-07 13:43:05.021 [main] DEBUG o.s.w.c.s.GenericWebApplicationContext - Refreshing org.springframework.web.context.support.GenericWebApplicationContext@6db2a260
2025-12-07 13:43:05.023 [main] DEBUG o.s.b.f.s.DefaultListableBeanFactory - Creating shared instance of singleton bean 'org.springframework.context.annotation.internalConfigurationAnnotationProcessor'
2025-12-07 13:43:05.023 [main] DEBUG o.s.b.f.s.DefaultListableBeanFactory - Creating shared instance of singleton bean 'org.springframework.boot.autoconfigure.internalCachingMetadataReaderFactory'
2025-12-07 13:43:05.041 [main] DEBUG o.s.c.a.ClassPathBeanDefinitionScanner - Identified candidate component class: file [/Users/kayisrahman/Documents/workspace/ideas/time-beam/back-end/target/test-classes/com/sparkage/timebeam/E2ETestDataSeeder.class]
2025-12-07 13:43:05.042 [main] DEBUG o.s.c.a.ClassPathBeanDefinitionScanner - Identified candidate component class: file [/Users/kayisrahman/Documents/workspace/ideas/time-beam/back-end/target/test-classes/com/sparkage/timebeam/TestDataSetup.class]
2025-12-07 13:43:05.047 [main] DEBUG o.s.c.a.ClassPathBeanDefinitionScanner - Identified candidate component class: file [/Users/kayisrahman/Documents/workspace/ideas/time-beam/back-end/target/test-classes/com/sparkage/timebeam/TestSecurityConfig.class]
2025-12-07 13:43:05.054 [main] DEBUG o.s.c.a.ClassPathBeanDefinitionScanner - Identified candidate component class: file [/Users/kayisrahman/Documents/workspace/ideas/time-beam/back-end/target/classes/com/sparkage/timebeam/E2ETestDataSeeder.class]
2025-12-07 13:43:05.056 [main] DEBUG o.s.c.a.ClassPathBeanDefinitionScanner - Identified candidate component class: file [/Users/kayisrahman/Documents/workspace/ideas/time-beam/back-end/target/classes/com/sparkage/timebeam/application/service/AnalyticsService.class]
2025-12-07 13:43:05.057 [main] DEBUG o.s.c.a.ClassPathBeanDefinitionScanner - Identified candidate component class: file [/Users/kayisrahman/Documents/workspace/ideas/time-beam/back-end/target/classes/com/sparkage/timebeam/application/service/AuthService.class]
2025-12-07 13:43:05.057 [main] DEBUG o.s.c.a.ClassPathBeanDefinitionScanner - Identified candidate component class: file [/Users/kayisrahman/Documents/workspace/ideas/time-beam/back-end/target/classes/com/sparkage/timebeam/application/service/DeviceManagementService.class]
2025-12-07 13:43:05.057 [main] DEBUG o.s.c.a.ClassPathBeanDefinitionScanner - Identified candidate component class: file [/Users/kayisrahman/Documents/workspace/ideas/time-beam/back-end/target/classes/com/sparkage/timebeam/application/service/SessionService.class]
2025-12-07 13:43:05.057 [main] DEBUG o.s.c.a.ClassPathBeanDefinitionScanner - Identified candidate component class: file [/Users/kayisrahman/Documents/workspace/ideas/time-beam/back-end/target/classes/com/sparkage/timebeam/application/service/TaskService.class]
2025-12-07 13:43:05.057 [main] DEBUG o.s.c.a.ClassPathBeanDefinitionScanner - Identified candidate component class: file [/Users/kayisrahman/Documents/workspace/ideas/time-beam/back-end/target/classes/com/sparkage/timebeam/application/service/TimerSyncService.class]
2025-12-07 13:43:05.057 [main] DEBUG o.s.c.a.ClassPathBeanDefinitionScanner - Identified candidate component class: file [/Users/kayisrahman/Documents/workspace/ideas/time-beam/back-end/target/classes/com/sparkage/timebeam/application/service/UserService.class]
2025-12-07 13:43:05.059 [main] DEBUG o.s.c.a.ClassPathBeanDefinitionScanner - Identified candidate component class: file [/Users/kayisrahman/Documents/workspace/ideas/time-beam/back-end/target/classes/com/sparkage/timebeam/infrastructure/config/RequestLoggingFilter.class]
2025-12-07 13:43:05.059 [main] DEBUG o.s.c.a.ClassPathBeanDefinitionScanner - Identified candidate component class: file [/Users/kayisrahman/Documents/workspace/ideas/time-beam/back-end/target/classes/com/sparkage/timebeam/infrastructure/config/SecurityConfig.class]
2025-12-07 13:43:05.059 [main] DEBUG o.s.c.a.ClassPathBeanDefinitionScanner - Identified candidate component class: file [/Users/kayisrahman/Documents/workspace/ideas/time-beam/back-end/target/classes/com/sparkage/timebeam/infrastructure/external/GlobalExceptionHandler.class]
2025-12-07 13:43:05.060 [main] DEBUG o.s.c.a.ClassPathBeanDefinitionScanner - Identified candidate component class: file [/Users/kayisrahman/Documents/workspace/ideas/time-beam/back-end/target/classes/com/sparkage/timebeam/infrastructure/external/JwtAuthenticationFilter.class]
2025-12-07 13:43:05.060 [main] DEBUG o.s.c.a.ClassPathBeanDefinitionScanner - Identified candidate component class: file [/Users/kayisrahman/Documents/workspace/ideas/time-beam/back-end/target/classes/com/sparkage/timebeam/infrastructure/external/JwtUtils.class]
2025-12-07 13:43:05.060 [main] DEBUG o.s.c.a.ClassPathBeanDefinitionScanner - Identified candidate component class: file [/Users/kayisrahman/Documents/workspace/ideas/time-beam/back-end/target/classes/com/sparkage/timebeam/infrastructure/external/PushNotificationService.class]
2025-12-07 13:43:05.062 [main] DEBUG o.s.c.a.ClassPathBeanDefinitionScanner - Identified candidate component class: file [/Users/kayisrahman/Documents/workspace/ideas/time-beam/back-end/target/classes/com/sparkage/timebeam/infrastructure/persistence/JpaUserRepository.class]
2025-12-07 13:43:05.064 [main] DEBUG o.s.c.a.ClassPathBeanDefinitionScanner - Identified candidate component class: file [/Users/kayisrahman/Documents/workspace/ideas/time-beam/back-end/target/classes/com/sparkage/timebeam/infrastructure/persistence/SessionRecordMapperImpl.class]
2025-12-07 13:43:05.067 [main] DEBUG o.s.c.a.ClassPathBeanDefinitionScanner - Identified candidate component class: file [/Users/kayisrahman/Documents/workspace/ideas/time-beam/back-end/target/classes/com/sparkage/timebeam/infrastructure/persistence/TaskMapperImpl.class]
2025-12-07 13:43:05.067 [main] DEBUG o.s.c.a.ClassPathBeanDefinitionScanner - Ignored because not a concrete top-level class: file [/Users/kayisrahman/Documents/workspace/ideas/time-beam/back-end/target/classes/com/sparkage/timebeam/infrastructure/persistence/TaskRepository.class]
2025-12-07 13:43:05.068 [main] DEBUG o.s.c.a.ClassPathBeanDefinitionScanner - Ignored because not a concrete top-level class: file [/Users/kayisrahman/Documents/workspace/ideas/time-beam/back-end/target/classes/com/sparkage/timebeam/infrastructure/persistence/TimerStateRepository.class]
2025-12-07 13:43:05.069 [main] DEBUG o.s.c.a.ClassPathBeanDefinitionScanner - Ignored because not a concrete top-level class: file [/Users/kayisrahman/Documents/workspace/ideas/time-beam/back-end/target/classes/com/sparkage/timebeam/infrastructure/persistence/UserDeviceRepository.class]
2025-12-07 13:43:05.069 [main] DEBUG o.s.c.a.ClassPathBeanDefinitionScanner - Ignored because not a concrete top-level class: file [/Users/kayisrahman/Documents/workspace/ideas/time-beam/back-end/target/classes/com/sparkage/timebeam/infrastructure/persistence/UserMapper.class]
2025-12-07 13:43:05.069 [main] DEBUG o.s.c.a.ClassPathBeanDefinitionScanner - Identified candidate component class: file [/Users/kayisrahman/Documents/workspace/ideas/time-beam/back-end/target/classes/com/sparkage/timebeam/infrastructure/persistence/UserMapperImpl.class]
2025-12-07 13:43:05.069 [main] DEBUG o.s.c.a.ClassPathBeanDefinitionScanner - Ignored because not a concrete top-level class: file [/Users/kayisrahman/Documents/workspace/ideas/time-beam/back-end/target/classes/com/sparkage/timebeam/infrastructure/persistence/UserPreferencesRepository.class]
2025-12-07 13:43:05.069 [main] DEBUG o.s.c.a.ClassPathBeanDefinitionScanner - Identified candidate component class: file [/Users/kayisrahman/Documents/workspace/ideas/time-beam/back-end/target/classes/com/sparkage/timebeam/presentation/controller/AnalyticsController.class]
2025-12-07 13:43:05.070 [main] DEBUG o.s.c.a.ClassPathBeanDefinitionScanner - Identified candidate component class: file [/Users/kayisrahman/Documents/workspace/ideas/time-beam/back-end/target/classes/com/sparkage/timebeam/presentation/controller/AuthController.class]
2025-12-07 13:43:05.070 [main] DEBUG o.s.c.a.ClassPathBeanDefinitionScanner - Identified candidate component class: file [/Users/kayisrahman/Documents/workspace/ideas/time-beam/back-end/target/classes/com/sparkage/timebeam/presentation/controller/DeviceController.class]
2025-12-07 13:43:05.070 [main] DEBUG o.s.c.a.ClassPathBeanDefinitionScanner - Identified candidate component class: file [/Users/kayisrahman/Documents/workspace/ideas/time-beam/back-end/target/classes/com/sparkage/timebeam/presentation/controller/SessionController.class]
2025-12-07 13:43:05.070 [main] DEBUG o.s.c.a.ClassPathBeanDefinitionScanner - Identified candidate component class: file [/Users/kayisrahman/Documents/workspace/ideas/time-beam/back-end/target/classes/com/sparkage/timebeam/presentation/controller/TaskController.class]
2025-12-07 13:43:05.770 [main] INFO  o.s.d.r.c.RepositoryConfigurationDelegate - Bootstrapping Spring Data JPA repositories in DEFAULT mode.
2025-12-07 13:43:05.779 [main] DEBUG o.s.b.f.s.DefaultListableBeanFactory - Creating shared instance of singleton bean 'org.springframework.boot.autoconfigure.AutoConfigurationPackages'
2025-12-07 13:43:05.779 [main] DEBUG o.s.b.a.AutoConfigurationPackages - @EnableAutoConfiguration was declared on a class in the package 'com.sparkage.timebeam'. Automatic @Repository and @Entity scanning is enabled.
2025-12-07 13:43:05.779 [main] DEBUG o.s.d.r.c.RepositoryConfigurationDelegate - Scanning for JPA repositories in packages com.sparkage.timebeam.
2025-12-07 13:43:05.805 [main] DEBUG o.s.d.r.c.RepositoryComponentProvider - Identified candidate component class: file [/Users/kayisrahman/Documents/workspace/ideas/time-beam/back-end/target/classes/com/sparkage/timebeam/infrastructure/persistence/RefreshTokenRepository.class]
2025-12-07 13:43:05.805 [main] DEBUG o.s.d.r.c.RepositoryComponentProvider - Identified candidate component class: file [/Users/kayisrahman/Documents/workspace/ideas/time-beam/back-end/target/classes/com/sparkage/timebeam/infrastructure/persistence/SessionRecordRepository.class]
2025-12-07 13:43:05.806 [main] DEBUG o.s.d.r.c.RepositoryComponentProvider - Identified candidate component class: file [/Users/kayisrahman/Documents/workspace/ideas/time-beam/back-end/target/classes/com/sparkage/timebeam/infrastructure/persistence/TaskRepository.class]
2025-12-07 13:43:05.806 [main] DEBUG o.s.d.r.c.RepositoryComponentProvider - Identified candidate component class: file [/Users/kayisrahman/Documents/workspace/ideas/time-beam/back-end/target/classes/com/sparkage/timebeam/infrastructure/persistence/TimerStateRepository.class]
2025-12-07 13:43:05.806 [main] DEBUG o.s.d.r.c.RepositoryComponentProvider - Identified candidate component class: file [/Users/kayisrahman/Documents/workspace/ideas/time-beam/back-end/target/classes/com/sparkage/timebeam/infrastructure/persistence/UserDeviceRepository.class]
2025-12-07 13:43:05.806 [main] DEBUG o.s.d.r.c.RepositoryComponentProvider - Identified candidate component class: file [/Users/kayisrahman/Documents/workspace/ideas/time-beam/back-end/target/classes/com/sparkage/timebeam/infrastructure/persistence/UserJpaRepository.class]
2025-12-07 13:43:05.806 [main] DEBUG o.s.d.r.c.RepositoryComponentProvider - Identified candidate component class: file [/Users/kayisrahman/Documents/workspace/ideas/time-beam/back-end/target/classes/com/sparkage/timebeam/infrastructure/persistence/UserPreferencesRepository.class]
2025-12-07 13:43:05.882 [main] DEBUG o.s.c.a.ClassPathScanningCandidateComponentProvider - Identified candidate component class: file [/Users/kayisrahman/Documents/workspace/ideas/time-beam/back-end/target/classes/com/sparkage/timebeam/infrastructure/persistence/SessionRecordMapperImpl.class]
2025-12-07 13:43:05.883 [main] DEBUG o.s.c.a.ClassPathScanningCandidateComponentProvider - Identified candidate component class: file [/Users/kayisrahman/Documents/workspace/ideas/time-beam/back-end/target/classes/com/sparkage/timebeam/infrastructure/persistence/TaskMapperImpl.class]
2025-12-07 13:43:05.883 [main] DEBUG o.s.c.a.ClassPathScanningCandidateComponentProvider - Identified candidate component class: file [/Users/kayisrahman/Documents/workspace/ideas/time-beam/back-end/target/classes/com/sparkage/timebeam/infrastructure/persistence/UserMapperImpl.class]
2025-12-07 13:43:05.896 [main] INFO  o.s.d.r.c.RepositoryConfigurationDelegate - Finished Spring Data repository scanning in 116 ms. Found 7 JPA repository interfaces.
2025-12-07 13:43:05.937 [main] DEBUG o.s.b.f.s.DefaultListableBeanFactory - Creating shared instance of singleton bean 'org.springframework.boot.test.context.ImportsContextCustomizer$ImportsCleanupPostProcessor'
2025-12-07 13:43:05.955 [main] DEBUG o.s.b.f.s.DefaultListableBeanFactory - Creating shared instance of singleton bean 'propertySourcesPlaceholderConfigurer'
2025-12-07 13:43:05.959 [main] DEBUG o.s.b.f.s.DefaultListableBeanFactory - Creating shared instance of singleton bean 'org.springframework.boot.test.mock.mockito.MockitoPostProcessor'
2025-12-07 13:43:05.959 [main] DEBUG o.s.b.f.s.DefaultListableBeanFactory - Creating shared instance of singleton bean 'emBeanDefinitionRegistrarPostProcessor'
2025-12-07 13:43:05.959 [main] DEBUG o.s.b.f.s.DefaultListableBeanFactory - Creating shared instance of singleton bean 'org.springframework.boot.sql.init.dependency.DatabaseInitializationDependencyConfigurer$DependsOnDatabaseInitializationPostProcessor'
2025-12-07 13:43:06.066 [main] DEBUG o.s.b.f.s.DefaultListableBeanFactory - Creating shared instance of singleton bean 'org.springframework.context.event.internalEventListenerProcessor'
2025-12-07 13:43:06.067 [main] DEBUG o.s.b.f.s.DefaultListableBeanFactory - Creating shared instance of singleton bean 'conversionServicePostProcessor'
2025-12-07 13:43:06.069 [main] DEBUG o.s.b.f.s.DefaultListableBeanFactory - Creating shared instance of singleton bean 'preserveErrorControllerTargetClassPostProcessor'
2025-12-07 13:43:06.071 [main] DEBUG o.s.b.f.s.DefaultListableBeanFactory - Creating shared instance of singleton bean 'org.springframework.context.event.internalEventListenerFactory'
2025-12-07 13:43:06.071 [main] DEBUG o.s.b.f.s.DefaultListableBeanFactory - Creating shared instance of singleton bean 'org.springframework.transaction.config.internalTransactionalEventListenerFactory'
2025-12-07 13:43:06.078 [main] DEBUG o.s.b.f.s.DefaultListableBeanFactory - Creating shared instance of singleton bean 'org.springframework.context.annotation.internalAutowiredAnnotationProcessor'
2025-12-07 13:43:06.079 [main] DEBUG o.s.b.f.s.DefaultListableBeanFactory - Creating shared instance of singleton bean 'org.springframework.context.annotation.internalCommonAnnotationProcessor'
2025-12-07 13:43:06.080 [main] DEBUG o.s.b.f.s.DefaultListableBeanFactory - Creating shared instance of singleton bean 'org.springframework.context.annotation.internalPersistenceAnnotationProcessor'
2025-12-07 13:43:06.080 [main] DEBUG o.s.b.f.s.DefaultListableBeanFactory - Creating shared instance of singleton bean 'org.springframework.boot.test.mock.mockito.MockitoPostProcessor$SpyPostProcessor'
2025-12-07 13:43:06.080 [main] DEBUG o.s.b.f.s.DefaultListableBeanFactory - Creating shared instance of singleton bean 'org.springframework.boot.context.properties.ConfigurationPropertiesBindingPostProcessor'
2025-12-07 13:43:06.081 [main] DEBUG o.s.b.f.s.DefaultListableBeanFactory - Creating shared instance of singleton bean 'org.springframework.boot.context.internalConfigurationPropertiesBinder'
2025-12-07 13:43:06.082 [main] DEBUG o.s.b.f.s.DefaultListableBeanFactory - Creating shared instance of singleton bean 'jdbcConnectionDetailsHikariBeanPostProcessor'
2025-12-07 13:43:06.084 [main] DEBUG o.s.b.f.s.DefaultListableBeanFactory - Creating shared instance of singleton bean 'org.springframework.aop.config.internalAutoProxyCreator'
2025-12-07 13:43:06.097 [main] DEBUG o.s.b.f.s.DefaultListableBeanFactory - Creating shared instance of singleton bean 'methodValidationPostProcessor'
2025-12-07 13:43:06.108 [main] DEBUG o.s.b.f.s.DefaultListableBeanFactory - Autowiring by type from bean name 'methodValidationPostProcessor' via factory method to bean named 'environment'
2025-12-07 13:43:06.109 [main] DEBUG o.s.b.f.s.DefaultListableBeanFactory - Creating shared instance of singleton bean 'org.springframework.boot.context.properties.EnableConfigurationPropertiesRegistrar.methodValidationExcludeFilter'
2025-12-07 13:43:06.111 [main] DEBUG o.s.b.f.s.DefaultListableBeanFactory - Creating shared instance of singleton bean 'persistenceExceptionTranslationPostProcessor'
2025-12-07 13:43:06.112 [main] DEBUG o.s.b.f.s.DefaultListableBeanFactory - Autowiring by type from bean name 'persistenceExceptionTranslationPostProcessor' via factory method to bean named 'environment'
2025-12-07 13:43:06.114 [main] DEBUG o.s.b.f.s.DefaultListableBeanFactory - Creating shared instance of singleton bean 'webServerFactoryCustomizerBeanPostProcessor'
2025-12-07 13:43:06.115 [main] DEBUG o.s.b.f.s.DefaultListableBeanFactory - Creating shared instance of singleton bean 'errorPageRegistrarBeanPostProcessor'
2025-12-07 13:43:06.116 [main] DEBUG o.s.b.f.s.DefaultListableBeanFactory - Creating shared instance of singleton bean 'healthEndpointGroupsBeanPostProcessor'
2025-12-07 13:43:06.121 [main] DEBUG o.s.b.f.s.DefaultListableBeanFactory - Creating shared instance of singleton bean 'preFilterAuthorizationAdvisor'
2025-12-07 13:43:06.123 [main] DEBUG o.s.b.f.s.DefaultListableBeanFactory - Autowiring by type from bean name 'preFilterAuthorizationAdvisor' via factory method to bean named 'org.springframework.web.context.support.GenericWebApplicationContext@6db2a260'
2025-12-07 13:43:06.132 [main] DEBUG o.s.b.f.s.DefaultListableBeanFactory - Creating shared instance of singleton bean 'preAuthorizeAuthorizationAdvisor'
2025-12-07 13:43:06.133 [main] DEBUG o.s.b.f.s.DefaultListableBeanFactory - Autowiring by type from bean name 'preAuthorizeAuthorizationAdvisor' via factory method to bean named 'org.springframework.web.context.support.GenericWebApplicationContext@6db2a260'
2025-12-07 13:43:06.139 [main] DEBUG o.s.b.f.s.DefaultListableBeanFactory - Creating shared instance of singleton bean 'postFilterAuthorizationAdvisor'
2025-12-07 13:43:06.139 [main] DEBUG o.s.b.f.s.DefaultListableBeanFactory - Autowiring by type from bean name 'postFilterAuthorizationAdvisor' via factory method to bean named 'org.springframework.web.context.support.GenericWebApplicationContext@6db2a260'
2025-12-07 13:43:06.140 [main] DEBUG o.s.b.f.s.DefaultListableBeanFactory - Creating shared instance of singleton bean 'postAuthorizeAuthorizationAdvisor'
2025-12-07 13:43:06.141 [main] DEBUG o.s.b.f.s.DefaultListableBeanFactory - Autowiring by type from bean name 'postAuthorizeAuthorizationAdvisor' via factory method to bean named 'org.springframework.web.context.support.GenericWebApplicationContext@6db2a260'
2025-12-07 13:43:06.146 [main] DEBUG o.s.b.f.s.DefaultListableBeanFactory - Creating shared instance of singleton bean 'org.springframework.transaction.config.internalTransactionAdvisor'
2025-12-07 13:43:06.147 [main] DEBUG o.s.b.f.s.DefaultListableBeanFactory - Creating shared instance of singleton bean 'org.springframework.transaction.annotation.ProxyTransactionManagementConfiguration'
2025-12-07 13:43:06.164 [main] DEBUG o.s.a.a.a.ReflectiveAspectJAdvisorFactory - Found AspectJ method: public java.lang.Object io.micrometer.core.aop.CountedAspect.interceptAndRecord(org.aspectj.lang.ProceedingJoinPoint,io.micrometer.core.annotation.Counted) throws java.lang.Throwable
2025-12-07 13:43:06.172 [main] DEBUG o.s.a.a.a.ReflectiveAspectJAdvisorFactory - Found AspectJ method: public java.lang.Object io.micrometer.core.aop.TimedAspect.timedClass(org.aspectj.lang.ProceedingJoinPoint) throws java.lang.Throwable
2025-12-07 13:43:06.172 [main] DEBUG o.s.a.a.a.ReflectiveAspectJAdvisorFactory - Found AspectJ method: public java.lang.Object io.micrometer.core.aop.TimedAspect.timedMethod(org.aspectj.lang.ProceedingJoinPoint) throws java.lang.Throwable
2025-12-07 13:43:06.174 [main] DEBUG o.s.a.a.a.ReflectiveAspectJAdvisorFactory - Found AspectJ method: public java.lang.Object io.micrometer.observation.aop.ObservedAspect.observeClass(org.aspectj.lang.ProceedingJoinPoint) throws java.lang.Throwable
2025-12-07 13:43:06.174 [main] DEBUG o.s.a.a.a.ReflectiveAspectJAdvisorFactory - Found AspectJ method: public java.lang.Object io.micrometer.observation.aop.ObservedAspect.observeMethod(org.aspectj.lang.ProceedingJoinPoint) throws java.lang.Throwable
2025-12-07 13:43:06.426 [main] DEBUG o.s.b.f.s.DefaultListableBeanFactory - Creating shared instance of singleton bean 'transactionAttributeSource'
2025-12-07 13:43:06.442 [main] DEBUG o.s.b.f.s.DefaultListableBeanFactory - Creating shared instance of singleton bean 'transactionInterceptor'
2025-12-07 13:43:06.442 [main] DEBUG o.s.b.f.s.DefaultListableBeanFactory - Autowiring by type from bean name 'transactionInterceptor' via factory method to bean named 'transactionAttributeSource'
2025-12-07 13:43:06.447 [main] DEBUG o.s.b.f.s.DefaultListableBeanFactory - Autowiring by type from bean name 'org.springframework.transaction.config.internalTransactionAdvisor' via factory method to bean named 'transactionAttributeSource'
2025-12-07 13:43:06.447 [main] DEBUG o.s.b.f.s.DefaultListableBeanFactory - Autowiring by type from bean name 'org.springframework.transaction.config.internalTransactionAdvisor' via factory method to bean named 'transactionInterceptor'
2025-12-07 13:43:06.475 [main] DEBUG o.s.b.f.s.DefaultListableBeanFactory - Creating shared instance of singleton bean 'meterRegistryPostProcessor'
2025-12-07 13:43:06.486 [main] DEBUG o.s.b.f.s.DefaultListableBeanFactory - Autowiring by type from bean name 'meterRegistryPostProcessor' via factory method to bean named 'org.springframework.web.context.support.GenericWebApplicationContext@6db2a260'
2025-12-07 13:43:06.514 [main] DEBUG o.s.b.f.s.DefaultListableBeanFactory - Creating shared instance of singleton bean 'metricsRepositoryMethodInvocationListenerBeanPostProcessor'
2025-12-07 13:43:06.522 [main] DEBUG o.s.b.f.s.DefaultListableBeanFactory - Creating shared instance of singleton bean 'observationRegistryPostProcessor'
2025-12-07 13:43:06.610 [main] DEBUG o.s.b.f.s.DefaultListableBeanFactory - Creating shared instance of singleton bean 'projectingArgumentResolverBeanPostProcessor'
2025-12-07 13:43:06.616 [main] DEBUG o.s.u.c.s.UiApplicationContextUtils - Unable to locate ThemeSource with name 'themeSource': using default [org.springframework.ui.context.support.ResourceBundleThemeSource@4f1cb802]
2025-12-07 13:43:06.636 [main] DEBUG o.s.b.f.s.DefaultListableBeanFactory - Creating shared instance of singleton bean 'dataSourceScriptDatabaseInitializer'
2025-12-07 13:43:06.637 [main] DEBUG o.s.b.f.s.DefaultListableBeanFactory - Creating shared instance of singleton bean 'org.springframework.boot.autoconfigure.sql.init.DataSourceInitializationConfiguration'
2025-12-07 13:43:06.643 [main] DEBUG o.s.b.f.s.DefaultListableBeanFactory - Creating shared instance of singleton bean 'dataSource'
2025-12-07 13:43:06.645 [main] DEBUG o.s.b.f.s.DefaultListableBeanFactory - Creating shared instance of singleton bean 'org.springframework.boot.autoconfigure.jdbc.DataSourceConfiguration$Hikari'
2025-12-07 13:43:06.653 [main] DEBUG o.s.b.f.s.DefaultListableBeanFactory - Creating shared instance of singleton bean 'spring.datasource-org.springframework.boot.autoconfigure.jdbc.DataSourceProperties'
2025-12-07 13:43:06.654 [main] DEBUG o.s.b.f.s.DefaultListableBeanFactory - Creating shared instance of singleton bean 'org.springframework.boot.context.properties.BoundConfigurationProperties'
2025-12-07 13:43:06.713 [main] DEBUG o.s.b.f.s.DefaultListableBeanFactory - Creating shared instance of singleton bean 'jdbcConnectionDetails'
2025-12-07 13:43:06.713 [main] DEBUG o.s.b.f.s.DefaultListableBeanFactory - Creating shared instance of singleton bean 'org.springframework.boot.autoconfigure.jdbc.DataSourceAutoConfiguration$PooledDataSourceConfiguration'
2025-12-07 13:43:06.724 [main] DEBUG o.s.b.f.s.DefaultListableBeanFactory - Autowiring by type from bean name 'jdbcConnectionDetails' via factory method to bean named 'spring.datasource-org.springframework.boot.autoconfigure.jdbc.DataSourceProperties'
2025-12-07 13:43:06.730 [main] DEBUG o.s.b.f.s.DefaultListableBeanFactory - Autowiring by type from bean name 'dataSource' via factory method to bean named 'spring.datasource-org.springframework.boot.autoconfigure.jdbc.DataSourceProperties'
2025-12-07 13:43:06.730 [main] DEBUG o.s.b.f.s.DefaultListableBeanFactory - Autowiring by type from bean name 'dataSource' via factory method to bean named 'jdbcConnectionDetails'
2025-12-07 13:43:06.850 [main] DEBUG o.s.b.f.s.DefaultListableBeanFactory - Creating shared instance of singleton bean 'spring.sql.init-org.springframework.boot.autoconfigure.sql.init.SqlInitializationProperties'
2025-12-07 13:43:06.854 [main] DEBUG o.s.b.f.s.DefaultListableBeanFactory - Autowiring by type from bean name 'dataSourceScriptDatabaseInitializer' via factory method to bean named 'dataSource'
2025-12-07 13:43:06.854 [main] DEBUG o.s.b.f.s.DefaultListableBeanFactory - Autowiring by type from bean name 'dataSourceScriptDatabaseInitializer' via factory method to bean named 'spring.sql.init-org.springframework.boot.autoconfigure.sql.init.SqlInitializationProperties'
2025-12-07 13:43:06.858 [main] DEBUG o.s.b.f.s.DefaultListableBeanFactory - Creating shared instance of singleton bean 'entityManagerFactory'
2025-12-07 13:43:06.858 [main] DEBUG o.s.b.f.s.DefaultListableBeanFactory - Creating shared instance of singleton bean 'org.springframework.boot.autoconfigure.orm.jpa.HibernateJpaConfiguration'
2025-12-07 13:43:06.859 [main] DEBUG o.s.b.f.s.DefaultListableBeanFactory - Creating shared instance of singleton bean 'spring.jpa-org.springframework.boot.autoconfigure.orm.jpa.JpaProperties'
2025-12-07 13:43:06.864 [main] DEBUG o.s.b.f.s.DefaultListableBeanFactory - Creating shared instance of singleton bean 'spring.jpa.hibernate-org.springframework.boot.autoconfigure.orm.jpa.HibernateProperties'
2025-12-07 13:43:06.867 [main] DEBUG o.s.b.f.s.DefaultListableBeanFactory - Autowiring by type from bean name 'org.springframework.boot.autoconfigure.orm.jpa.HibernateJpaConfiguration' via constructor to bean named 'dataSource'
2025-12-07 13:43:06.867 [main] DEBUG o.s.b.f.s.DefaultListableBeanFactory - Autowiring by type from bean name 'org.springframework.boot.autoconfigure.orm.jpa.HibernateJpaConfiguration' via constructor to bean named 'spring.jpa-org.springframework.boot.autoconfigure.orm.jpa.JpaProperties'
2025-12-07 13:43:06.867 [main] DEBUG o.s.b.f.s.DefaultListableBeanFactory - Autowiring by type from bean name 'org.springframework.boot.autoconfigure.orm.jpa.HibernateJpaConfiguration' via constructor to bean named 'org.springframework.beans.factory.support.DefaultListableBeanFactory@32da6cef'
2025-12-07 13:43:06.867 [main] DEBUG o.s.b.f.s.DefaultListableBeanFactory - Autowiring by type from bean name 'org.springframework.boot.autoconfigure.orm.jpa.HibernateJpaConfiguration' via constructor to bean named 'spring.jpa.hibernate-org.springframework.boot.autoconfigure.orm.jpa.HibernateProperties'
2025-12-07 13:43:06.870 [main] DEBUG o.s.b.f.s.DefaultListableBeanFactory - Creating shared instance of singleton bean 'hikariPoolDataSourceMetadataProvider'
2025-12-07 13:43:06.870 [main] DEBUG o.s.b.f.s.DefaultListableBeanFactory - Creating shared instance of singleton bean 'org.springframework.boot.autoconfigure.jdbc.metadata.DataSourcePoolMetadataProvidersConfiguration$HikariPoolDataSourceMetadataProviderConfiguration'
2025-12-07 13:43:07.039 [main] DEBUG o.s.b.f.s.DefaultListableBeanFactory - Creating shared instance of singleton bean 'entityManagerFactoryBuilder'
2025-12-07 13:43:07.041 [main] DEBUG o.s.b.f.s.DefaultListableBeanFactory - Creating shared instance of singleton bean 'jpaVendorAdapter'
2025-12-07 13:43:07.062 [main] DEBUG o.s.b.f.s.DefaultListableBeanFactory - Autowiring by type from bean name 'entityManagerFactoryBuilder' via factory method to bean named 'jpaVendorAdapter'
2025-12-07 13:43:07.067 [main] DEBUG o.s.b.f.s.DefaultListableBeanFactory - Creating shared instance of singleton bean 'persistenceManagedTypes'
2025-12-07 13:43:07.068 [main] DEBUG o.s.b.f.s.DefaultListableBeanFactory - Autowiring by type from bean name 'persistenceManagedTypes' via factory method to bean named 'org.springframework.beans.factory.support.DefaultListableBeanFactory@32da6cef'
2025-12-07 13:43:07.069 [main] DEBUG o.s.b.f.s.DefaultListableBeanFactory - Autowiring by type from bean name 'persistenceManagedTypes' via factory method to bean named 'org.springframework.web.context.support.GenericWebApplicationContext@6db2a260'
2025-12-07 13:43:07.080 [main] DEBUG o.s.b.f.s.DefaultListableBeanFactory - Autowiring by type from bean name 'entityManagerFactory' via factory method to bean named 'entityManagerFactoryBuilder'
2025-12-07 13:43:07.080 [main] DEBUG o.s.b.f.s.DefaultListableBeanFactory - Autowiring by type from bean name 'entityManagerFactory' via factory method to bean named 'persistenceManagedTypes'
2025-12-07 13:43:07.096 [main] DEBUG o.s.o.j.LocalContainerEntityManagerFactoryBean - Building JPA container EntityManagerFactory for persistence unit 'default'
2025-12-07 13:43:07.124 [main] INFO  o.h.jpa.internal.util.LogHelper - HHH000204: Processing PersistenceUnitInfo [name: default]
2025-12-07 13:43:07.369 [main] INFO  org.hibernate.Version - HHH000412: Hibernate ORM core version 6.3.1.Final
2025-12-07 13:43:07.393 [main] INFO  o.h.c.i.RegionFactoryInitiator - HHH000026: Second-level cache disabled
2025-12-07 13:43:07.475 [main] INFO  o.s.o.j.p.SpringPersistenceUnitInfo - No LoadTimeWeaver setup: ignoring JPA class transformer
2025-12-07 13:43:07.492 [main] INFO  com.zaxxer.hikari.HikariDataSource - HikariPool-1 - Starting...
2025-12-07 13:43:07.805 [main] INFO  com.zaxxer.hikari.pool.HikariPool - HikariPool-1 - Added connection conn0: url=jdbc:h2:mem:testdb user=SA
2025-12-07 13:43:07.810 [main] INFO  com.zaxxer.hikari.HikariDataSource - HikariPool-1 - Start completed.
2025-12-07 13:43:07.834 [main] WARN  org.hibernate.orm.deprecation - HHH90000025: H2Dialect does not need to be specified explicitly using 'hibernate.dialect' (remove the property setting and it will be selected by default)
2025-12-07 13:43:09.158 [main] INFO  o.h.e.t.j.p.i.JtaPlatformInitiator - HHH000489: No JTA platform available (set 'hibernate.transaction.jta.platform' to enable JTA platform integration)
2025-12-07 13:43:09.173 [main] DEBUG org.hibernate.SQL - 
    drop table if exists refresh_tokens cascade 
2025-12-07 13:43:09.175 [main] DEBUG org.hibernate.SQL - 
    drop table if exists session_records cascade 
2025-12-07 13:43:09.175 [main] DEBUG org.hibernate.SQL - 
    drop table if exists tasks cascade 
2025-12-07 13:43:09.175 [main] DEBUG org.hibernate.SQL - 
    drop table if exists timer_states cascade 
2025-12-07 13:43:09.176 [main] DEBUG org.hibernate.SQL - 
    drop table if exists user_devices cascade 
2025-12-07 13:43:09.176 [main] DEBUG org.hibernate.SQL - 
    drop table if exists user_preferences cascade 
2025-12-07 13:43:09.176 [main] DEBUG org.hibernate.SQL - 
    drop table if exists users cascade 
2025-12-07 13:43:09.181 [main] DEBUG org.hibernate.SQL - 
    create table refresh_tokens (
        expires_at timestamp(6) with time zone not null,
        id uuid not null,
        user_id uuid not null,
        token varchar(255) not null unique,
        primary key (id)
    )
2025-12-07 13:43:09.185 [main] DEBUG org.hibernate.SQL - 
    create table session_records (
        was_completed boolean not null,
        was_interrupted boolean not null,
        created_at timestamp(6) with time zone not null,
        duration_seconds bigint not null,
        started_at timestamp(6) with time zone not null,
        device_id uuid,
        id uuid not null,
        task_id uuid,
        user_id uuid not null,
        interruption_reason varchar(255),
        kind varchar(255) not null check (kind in ('WORK','SHORT_BREAK','LONG_BREAK')),
        primary key (id)
    )
2025-12-07 13:43:09.187 [main] DEBUG org.hibernate.SQL - 
    create table tasks (
        created_at timestamp(6) with time zone not null,
        updated_at timestamp(6) with time zone not null,
        id uuid not null,
        user_id uuid not null,
        status varchar(20) not null check (status in ('todo','in_progress','completed')),
        description TEXT,
        title varchar(255) not null,
        primary key (id)
    )
2025-12-07 13:43:09.188 [main] DEBUG org.hibernate.SQL - 
    create table timer_states (
        auto_start_next boolean not null,
        break_duration_minutes integer not null,
        is_running boolean not null,
        long_break_duration_minutes integer not null,
        remaining_seconds integer not null,
        short_breaks_completed integer not null,
        work_duration_minutes integer not null,
        last_updated_at timestamp(6) with time zone not null,
        version bigint not null,
        updated_by_device_id uuid,
        user_id uuid not null,
        phase varchar(20) not null,
        primary key (user_id)
    )
2025-12-07 13:43:09.189 [main] DEBUG org.hibernate.SQL - 
    create table user_devices (
        is_active boolean not null,
        created_at timestamp(6) with time zone not null,
        last_seen_at timestamp(6) with time zone not null,
        id uuid not null,
        user_id uuid not null,
        apns_token TEXT,
        app_version varchar(255),
        device_id varchar(255) not null,
        device_name varchar(255),
        device_type varchar(255),
        fcm_token TEXT,
        platform_version varchar(255),
        primary key (id)
    )
2025-12-07 13:43:09.189 [main] DEBUG org.hibernate.SQL - 
    create table user_preferences (
        auto_start_breaks boolean not null,
        auto_start_work boolean not null,
        daily_goal_minutes integer not null,
        long_break_minutes integer not null,
        notifications_enabled boolean not null,
        sessions_before_long_break integer not null,
        short_break_minutes integer not null,
        sound_enabled boolean not null,
        work_duration_minutes integer not null,
        created_at timestamp(6) with time zone not null,
        updated_at timestamp(6) with time zone not null,
        user_id uuid not null,
        theme varchar(20) not null,
        primary key (user_id)
    )
2025-12-07 13:43:09.191 [main] DEBUG org.hibernate.SQL - 
    create table users (
        is_admin boolean not null,
        id uuid not null,
        display_name varchar(255) not null,
        email varchar(255) not null unique,
        primary key (id)
    )
2025-12-07 13:43:09.196 [main] DEBUG org.hibernate.SQL - 
    create index IDXg9jr1r2clom72eh3174sql8ld 
       on session_records (user_id, started_at desc)
2025-12-07 13:43:09.197 [main] DEBUG org.hibernate.SQL - 
    create index IDXdmwk71yhitee6633rcpfslrit 
       on session_records (user_id, kind, started_at desc)
2025-12-07 13:43:09.197 [main] DEBUG org.hibernate.SQL - 
    create index IDX2t71g1fa828mk3x2moi78w3k0 
       on session_records (started_at)
2025-12-07 13:43:09.197 [main] DEBUG org.hibernate.SQL - 
    create index IDXcds1hy9r9ynvgkle2n746te7e 
       on session_records (task_id)
2025-12-07 13:43:09.198 [main] DEBUG org.hibernate.SQL - 
    create index IDXetxq6vrwd4hlp0qwo551kjmyv 
       on tasks (user_id, status)
2025-12-07 13:43:09.199 [main] DEBUG org.hibernate.SQL - 
    create index IDXh85la18xa6fkyjmlnxwvghowd 
       on tasks (user_id, created_at desc)
2025-12-07 13:43:09.205 [main] DEBUG org.hibernate.SQL - 
    create index IDX8ueipeg4h54tdavixhde7k149 
       on tasks (user_id, updated_at desc)
2025-12-07 13:43:09.209 [main] DEBUG org.hibernate.SQL - 
    create index IDXol81skrngi04muirikx100i3j 
       on timer_states (last_updated_at)
2025-12-07 13:43:09.216 [main] DEBUG org.hibernate.SQL - 
    create index IDXlx9t3l0exiur0xiodqi8ot1p4 
       on user_devices (user_id, is_active, last_seen_at desc)
2025-12-07 13:43:09.270 [main] INFO  o.s.o.j.LocalContainerEntityManagerFactoryBean - Initialized JPA EntityManagerFactory for persistence unit 'default'
2025-12-07 13:43:09.391 [main] DEBUG o.s.b.f.s.DefaultListableBeanFactory - Creating shared instance of singleton bean 'timeBeamBackendApplication'
2025-12-07 13:43:09.398 [main] DEBUG o.s.b.f.s.DefaultListableBeanFactory - Creating shared instance of singleton bean 'e2ETestDataSeeder'
2025-12-07 13:43:09.412 [main] DEBUG o.s.b.f.s.DefaultListableBeanFactory - Creating shared instance of singleton bean 'userJpaRepository'
2025-12-07 13:43:09.428 [main] DEBUG o.s.b.f.s.DefaultListableBeanFactory - Creating shared instance of singleton bean 'jpa.named-queries#0'
2025-12-07 13:43:09.446 [main] DEBUG o.s.b.f.s.DefaultListableBeanFactory - Creating shared instance of singleton bean 'jpa.UserJpaRepository.fragments#0'
2025-12-07 13:43:09.494 [main] DEBUG o.s.b.f.s.DefaultListableBeanFactory - Creating shared instance of singleton bean 'jpaSharedEM_entityManagerFactory'
2025-12-07 13:43:09.651 [main] DEBUG o.s.b.f.s.DefaultListableBeanFactory - Creating shared instance of singleton bean 'jpaMappingContext'
2025-12-07 13:43:09.652 [main] DEBUG o.s.d.j.r.c.JpaMetamodelMappingContextFactoryBean - Initializing JpaMetamodelMappingContext…
2025-12-07 13:43:09.667 [main] DEBUG o.s.d.j.r.c.JpaMetamodelMappingContextFactoryBean - Finished initializing JpaMetamodelMappingContext
2025-12-07 13:43:09.718 [main] DEBUG o.s.o.j.SharedEntityManagerCreator$SharedEntityManagerInvocationHandler - Creating new EntityManager for shared EntityManager invocation
2025-12-07 13:43:09.800 [main] DEBUG o.s.o.j.SharedEntityManagerCreator$SharedEntityManagerInvocationHandler - Creating new EntityManager for shared EntityManager invocation
2025-12-07 13:43:09.804 [main] DEBUG o.s.b.f.s.DefaultListableBeanFactory - Creating shared instance of singleton bean 'metricsRepositoryMethodInvocationListener'
2025-12-07 13:43:09.805 [main] DEBUG o.s.b.f.s.DefaultListableBeanFactory - Creating shared instance of singleton bean 'org.springframework.boot.actuate.autoconfigure.metrics.data.RepositoryMetricsAutoConfiguration'
2025-12-07 13:43:09.806 [main] DEBUG o.s.b.f.s.DefaultListableBeanFactory - Creating shared instance of singleton bean 'management.metrics-org.springframework.boot.actuate.autoconfigure.metrics.MetricsProperties'
2025-12-07 13:43:09.816 [main] DEBUG o.s.b.f.s.DefaultListableBeanFactory - Autowiring by type from bean name 'org.springframework.boot.actuate.autoconfigure.metrics.data.RepositoryMetricsAutoConfiguration' via constructor to bean named 'management.metrics-org.springframework.boot.actuate.autoconfigure.metrics.MetricsProperties'
2025-12-07 13:43:09.823 [main] DEBUG o.s.b.f.s.DefaultListableBeanFactory - Creating shared instance of singleton bean 'repositoryTagsProvider'
2025-12-07 13:43:09.826 [main] DEBUG o.s.b.f.s.DefaultListableBeanFactory - Autowiring by type from bean name 'metricsRepositoryMethodInvocationListener' via factory method to bean named 'repositoryTagsProvider'
2025-12-07 13:43:09.866 [main] DEBUG o.s.d.r.c.s.RepositoryFactorySupport - Initializing repository instance for com.sparkage.timebeam.infrastructure.persistence.UserJpaRepository…
2025-12-07 13:43:09.883 [main] DEBUG o.s.o.j.SharedEntityManagerCreator$SharedEntityManagerInvocationHandler - Creating new EntityManager for shared EntityManager invocation
2025-12-07 13:43:09.943 [main] DEBUG o.s.d.j.repository.query.NamedQuery - Looking up named query User.findByEmail
2025-12-07 13:43:09.956 [main] DEBUG o.s.d.j.repository.query.NamedQuery - Did not find named query User.findByEmail
2025-12-07 13:43:09.960 [main] DEBUG o.s.o.j.SharedEntityManagerCreator$SharedEntityManagerInvocationHandler - Creating new EntityManager for shared EntityManager invocation
2025-12-07 13:43:10.026 [main] DEBUG o.s.d.j.repository.query.NamedQuery - Looking up named query User.existsByEmail
2025-12-07 13:43:10.027 [main] DEBUG o.s.d.j.repository.query.NamedQuery - Did not find named query User.existsByEmail
2025-12-07 13:43:10.027 [main] DEBUG o.s.o.j.SharedEntityManagerCreator$SharedEntityManagerInvocationHandler - Creating new EntityManager for shared EntityManager invocation
2025-12-07 13:43:10.035 [main] DEBUG o.s.d.r.c.s.RepositoryFactorySupport - Finished creation of repository instance for com.sparkage.timebeam.infrastructure.persistence.UserJpaRepository.
2025-12-07 13:43:10.054 [main] DEBUG o.s.b.f.s.DefaultListableBeanFactory - Creating shared instance of singleton bean 'taskRepository'
2025-12-07 13:43:10.055 [main] DEBUG o.s.b.f.s.DefaultListableBeanFactory - Creating shared instance of singleton bean 'jpa.named-queries#2'
2025-12-07 13:43:10.056 [main] DEBUG o.s.b.f.s.DefaultListableBeanFactory - Creating shared instance of singleton bean 'jpa.TaskRepository.fragments#0'
2025-12-07 13:43:10.061 [main] DEBUG o.s.o.j.SharedEntityManagerCreator$SharedEntityManagerInvocationHandler - Creating new EntityManager for shared EntityManager invocation
2025-12-07 13:43:10.071 [main] DEBUG o.s.d.r.c.s.RepositoryFactorySupport - Initializing repository instance for com.sparkage.timebeam.infrastructure.persistence.TaskRepository…
2025-12-07 13:43:10.071 [main] DEBUG o.s.o.j.SharedEntityManagerCreator$SharedEntityManagerInvocationHandler - Creating new EntityManager for shared EntityManager invocation
2025-12-07 13:43:10.091 [main] DEBUG o.s.d.j.repository.query.NamedQuery - Looking up named query Task.findByUserIdOrderByCreatedAtDesc
2025-12-07 13:43:10.091 [main] DEBUG o.s.d.j.repository.query.NamedQuery - Did not find named query Task.findByUserIdOrderByCreatedAtDesc
2025-12-07 13:43:10.091 [main] DEBUG o.s.o.j.SharedEntityManagerCreator$SharedEntityManagerInvocationHandler - Creating new EntityManager for shared EntityManager invocation
2025-12-07 13:43:10.102 [main] INFO  o.s.d.j.r.query.QueryEnhancerFactory - Hibernate is in classpath; If applicable, HQL parser will be used.
2025-12-07 13:43:10.625 [main] DEBUG o.s.d.j.repository.query.NamedQuery - Did not find named query Task.findActiveTasksByUserId.count
2025-12-07 13:43:10.625 [main] DEBUG o.s.o.j.SharedEntityManagerCreator$SharedEntityManagerInvocationHandler - Creating new EntityManager for shared EntityManager invocation
2025-12-07 13:43:10.879 [main] DEBUG o.s.d.j.repository.query.NamedQuery - Looking up named query Task.countByUserIdAndStatus
2025-12-07 13:43:10.880 [main] DEBUG o.s.d.j.repository.query.NamedQuery - Did not find named query Task.countByUserIdAndStatus
2025-12-07 13:43:10.880 [main] DEBUG o.s.o.j.SharedEntityManagerCreator$SharedEntityManagerInvocationHandler - Creating new EntityManager for shared EntityManager invocation
2025-12-07 13:43:10.883 [main] DEBUG o.s.d.j.repository.query.NamedQuery - Looking up named query Task.findByUserIdAndStatus
2025-12-07 13:43:10.883 [main] DEBUG o.s.d.j.repository.query.NamedQuery - Did not find named query Task.findByUserIdAndStatus
2025-12-07 13:43:10.883 [main] DEBUG o.s.o.j.SharedEntityManagerCreator$SharedEntityManagerInvocationHandler - Creating new EntityManager for shared EntityManager invocation
2025-12-07 13:43:10.883 [main] DEBUG o.s.d.j.repository.query.NamedQuery - Looking up named query Task.countByUserId
2025-12-07 13:43:10.884 [main] DEBUG o.s.d.j.repository.query.NamedQuery - Did not find named query Task.countByUserId
2025-12-07 13:43:10.884 [main] DEBUG o.s.o.j.SharedEntityManagerCreator$SharedEntityManagerInvocationHandler - Creating new EntityManager for shared EntityManager invocation
2025-12-07 13:43:10.889 [main] DEBUG o.s.d.r.c.s.RepositoryFactorySupport - Finished creation of repository instance for com.sparkage.timebeam.infrastructure.persistence.TaskRepository.
2025-12-07 13:43:10.907 [main] DEBUG o.s.b.f.s.DefaultListableBeanFactory - Creating shared instance of singleton bean 'sessionRecordRepository'
2025-12-07 13:43:10.909 [main] DEBUG o.s.b.f.s.DefaultListableBeanFactory - Creating shared instance of singleton bean 'jpa.named-queries#1'
2025-12-07 13:43:10.911 [main] DEBUG o.s.b.f.s.DefaultListableBeanFactory - Creating shared instance of singleton bean 'jpa.SessionRecordRepository.fragments#0'
2025-12-07 13:43:10.915 [main] DEBUG o.s.o.j.SharedEntityManagerCreator$SharedEntityManagerInvocationHandler - Creating new EntityManager for shared EntityManager invocation
2025-12-07 13:43:10.920 [main] DEBUG o.s.d.r.c.s.RepositoryFactorySupport - Initializing repository instance for com.sparkage.timebeam.infrastructure.persistence.SessionRecordRepository…
2025-12-07 13:43:10.921 [main] DEBUG o.s.o.j.SharedEntityManagerCreator$SharedEntityManagerInvocationHandler - Creating new EntityManager for shared EntityManager invocation
2025-12-07 13:43:10.934 [main] DEBUG o.s.d.j.repository.query.NamedQuery - Looking up named query SessionRecord.findByUserIdOrderByStartedAtDesc
2025-12-07 13:43:10.934 [main] DEBUG o.s.d.j.repository.query.NamedQuery - Did not find named query SessionRecord.findByUserIdOrderByStartedAtDesc
2025-12-07 13:43:10.934 [main] DEBUG o.s.o.j.SharedEntityManagerCreator$SharedEntityManagerInvocationHandler - Creating new EntityManager for shared EntityManager invocation
2025-12-07 13:43:10.938 [main] DEBUG o.s.d.r.c.s.RepositoryFactorySupport - Finished creation of repository instance for com.sparkage.timebeam.infrastructure.persistence.SessionRecordRepository.
2025-12-07 13:43:10.974 [main] DEBUG o.s.b.f.s.DefaultListableBeanFactory - Creating shared instance of singleton bean 'userDeviceRepository'
2025-12-07 13:43:10.975 [main] DEBUG o.s.b.f.s.DefaultListableBeanFactory - Creating shared instance of singleton bean 'jpa.named-queries#3'
2025-12-07 13:43:10.987 [main] DEBUG o.s.b.f.s.DefaultListableBeanFactory - Creating shared instance of singleton bean 'jpa.UserDeviceRepository.fragments#0'
2025-12-07 13:43:11.027 [main] DEBUG o.s.o.j.SharedEntityManagerCreator$SharedEntityManagerInvocationHandler - Creating new EntityManager for shared EntityManager invocation
2025-12-07 13:43:11.088 [main] DEBUG o.s.d.r.c.s.RepositoryFactorySupport - Initializing repository instance for com.sparkage.timebeam.infrastructure.persistence.UserDeviceRepository…
2025-12-07 13:43:11.088 [main] DEBUG o.s.o.j.SharedEntityManagerCreator$SharedEntityManagerInvocationHandler - Creating new EntityManager for shared EntityManager invocation
2025-12-07 13:43:11.306 [main] DEBUG o.s.d.j.repository.query.NamedQuery - Looking up named query UserDevice.findByUserId
2025-12-07 13:43:11.306 [main] DEBUG o.s.d.j.repository.query.NamedQuery - Did not find named query UserDevice.findByUserId
2025-12-07 13:43:11.306 [main] DEBUG o.s.o.j.SharedEntityManagerCreator$SharedEntityManagerInvocationHandler - Creating new EntityManager for shared EntityManager invocation
2025-12-07 13:43:11.307 [main] DEBUG o.s.d.j.repository.query.NamedQuery - Looking up named query UserDevice.countByUserIdAndActiveTrue
2025-12-07 13:43:11.307 [main] DEBUG o.s.d.j.repository.query.NamedQuery - Did not find named query UserDevice.countByUserIdAndActiveTrue
2025-12-07 13:43:11.307 [main] DEBUG o.s.o.j.SharedEntityManagerCreator$SharedEntityManagerInvocationHandler - Creating new EntityManager for shared EntityManager invocation
2025-12-07 13:43:11.328 [main] DEBUG o.s.d.j.repository.query.NamedQuery - Did not find named query UserDevice.updateLastSeen.count
2025-12-07 13:43:11.328 [main] DEBUG o.s.o.j.SharedEntityManagerCreator$SharedEntityManagerInvocationHandler - Creating new EntityManager for shared EntityManager invocation
2025-12-07 13:43:11.342 [main] DEBUG o.s.d.j.repository.query.NamedQuery - Looking up named query UserDevice.findByUserIdAndActiveTrue
2025-12-07 13:43:11.342 [main] DEBUG o.s.d.j.repository.query.NamedQuery - Did not find named query UserDevice.findByUserIdAndActiveTrue
2025-12-07 13:43:11.343 [main] DEBUG o.s.o.j.SharedEntityManagerCreator$SharedEntityManagerInvocationHandler - Creating new EntityManager for shared EntityManager invocation
2025-12-07 13:43:11.346 [main] DEBUG o.s.d.j.repository.query.NamedQuery - Did not find named query UserDevice.findStaleDevices.count
2025-12-07 13:43:11.346 [main] DEBUG o.s.o.j.SharedEntityManagerCreator$SharedEntityManagerInvocationHandler - Creating new EntityManager for shared EntityManager invocation
2025-12-07 13:43:11.350 [main] DEBUG o.s.d.j.repository.query.NamedQuery - Looking up named query UserDevice.existsByUserIdAndDeviceId
2025-12-07 13:43:11.350 [main] DEBUG o.s.d.j.repository.query.NamedQuery - Did not find named query UserDevice.existsByUserIdAndDeviceId
2025-12-07 13:43:11.350 [main] DEBUG o.s.o.j.SharedEntityManagerCreator$SharedEntityManagerInvocationHandler - Creating new EntityManager for shared EntityManager invocation
2025-12-07 13:43:11.350 [main] DEBUG o.s.d.j.repository.query.NamedQuery - Looking up named query UserDevice.findByUserIdAndDeviceId
2025-12-07 13:43:11.351 [main] DEBUG o.s.d.j.repository.query.NamedQuery - Did not find named query UserDevice.findByUserIdAndDeviceId
2025-12-07 13:43:11.351 [main] DEBUG o.s.o.j.SharedEntityManagerCreator$SharedEntityManagerInvocationHandler - Creating new EntityManager for shared EntityManager invocation
2025-12-07 13:43:11.351 [main] DEBUG o.s.d.j.repository.query.NamedQuery - Looking up named query UserDevice.findByUserIdAndDeviceType
2025-12-07 13:43:11.351 [main] DEBUG o.s.d.j.repository.query.NamedQuery - Did not find named query UserDevice.findByUserIdAndDeviceType
2025-12-07 13:43:11.351 [main] DEBUG o.s.o.j.SharedEntityManagerCreator$SharedEntityManagerInvocationHandler - Creating new EntityManager for shared EntityManager invocation
2025-12-07 13:43:11.354 [main] DEBUG o.s.d.r.c.s.RepositoryFactorySupport - Finished creation of repository instance for com.sparkage.timebeam.infrastructure.persistence.UserDeviceRepository.
2025-12-07 13:43:11.378 [main] DEBUG o.s.b.f.s.DefaultListableBeanFactory - Creating shared instance of singleton bean 'userPreferencesRepository'
2025-12-07 13:43:11.380 [main] DEBUG o.s.b.f.s.DefaultListableBeanFactory - Creating shared instance of singleton bean 'jpa.named-queries#6'
2025-12-07 13:43:11.383 [main] DEBUG o.s.b.f.s.DefaultListableBeanFactory - Creating shared instance of singleton bean 'jpa.UserPreferencesRepository.fragments#0'
2025-12-07 13:43:11.389 [main] DEBUG o.s.o.j.SharedEntityManagerCreator$SharedEntityManagerInvocationHandler - Creating new EntityManager for shared EntityManager invocation
2025-12-07 13:43:11.398 [main] DEBUG o.s.d.r.c.s.RepositoryFactorySupport - Initializing repository instance for com.sparkage.timebeam.infrastructure.persistence.UserPreferencesRepository…
2025-12-07 13:43:11.399 [main] DEBUG o.s.o.j.SharedEntityManagerCreator$SharedEntityManagerInvocationHandler - Creating new EntityManager for shared EntityManager invocation
2025-12-07 13:43:11.419 [main] DEBUG o.s.d.j.repository.query.NamedQuery - Looking up named query UserPreferences.existsByUserId
2025-12-07 13:43:11.419 [main] DEBUG o.s.d.j.repository.query.NamedQuery - Did not find named query UserPreferences.existsByUserId
2025-12-07 13:43:11.419 [main] DEBUG o.s.o.j.SharedEntityManagerCreator$SharedEntityManagerInvocationHandler - Creating new EntityManager for shared EntityManager invocation
2025-12-07 13:43:11.420 [main] DEBUG o.s.d.j.repository.query.NamedQuery - Looking up named query UserPreferences.deleteByUserId
2025-12-07 13:43:11.420 [main] DEBUG o.s.d.j.repository.query.NamedQuery - Did not find named query UserPreferences.deleteByUserId
2025-12-07 13:43:11.420 [main] DEBUG o.s.o.j.SharedEntityManagerCreator$SharedEntityManagerInvocationHandler - Creating new EntityManager for shared EntityManager invocation
2025-12-07 13:43:11.420 [main] DEBUG o.s.d.j.repository.query.NamedQuery - Looking up named query UserPreferences.findByUserId
2025-12-07 13:43:11.421 [main] DEBUG o.s.d.j.repository.query.NamedQuery - Did not find named query UserPreferences.findByUserId
2025-12-07 13:43:11.421 [main] DEBUG o.s.o.j.SharedEntityManagerCreator$SharedEntityManagerInvocationHandler - Creating new EntityManager for shared EntityManager invocation
2025-12-07 13:43:11.425 [main] DEBUG o.s.d.r.c.s.RepositoryFactorySupport - Finished creation of repository instance for com.sparkage.timebeam.infrastructure.persistence.UserPreferencesRepository.
2025-12-07 13:43:11.433 [main] DEBUG o.s.b.f.s.DefaultListableBeanFactory - Creating shared instance of singleton bean 'timerStateRepository'
2025-12-07 13:43:11.434 [main] DEBUG o.s.b.f.s.DefaultListableBeanFactory - Creating shared instance of singleton bean 'jpa.named-queries#4'
2025-12-07 13:43:11.435 [main] DEBUG o.s.b.f.s.DefaultListableBeanFactory - Creating shared instance of singleton bean 'jpa.TimerStateRepository.fragments#0'
2025-12-07 13:43:11.436 [main] DEBUG o.s.o.j.SharedEntityManagerCreator$SharedEntityManagerInvocationHandler - Creating new EntityManager for shared EntityManager invocation
2025-12-07 13:43:11.438 [main] DEBUG o.s.d.r.c.s.RepositoryFactorySupport - Initializing repository instance for com.sparkage.timebeam.infrastructure.persistence.TimerStateRepository…
2025-12-07 13:43:11.438 [main] DEBUG o.s.o.j.SharedEntityManagerCreator$SharedEntityManagerInvocationHandler - Creating new EntityManager for shared EntityManager invocation
2025-12-07 13:43:11.457 [main] DEBUG o.s.d.j.repository.query.NamedQuery - Looking up named query TimerState.findByUpdatedByDeviceId
2025-12-07 13:43:11.457 [main] DEBUG o.s.d.j.repository.query.NamedQuery - Did not find named query TimerState.findByUpdatedByDeviceId
2025-12-07 13:43:11.457 [main] DEBUG o.s.o.j.SharedEntityManagerCreator$SharedEntityManagerInvocationHandler - Creating new EntityManager for shared EntityManager invocation
2025-12-07 13:43:11.460 [main] DEBUG o.s.d.j.repository.query.NamedQuery - Looking up named query TimerState.findByUserId
2025-12-07 13:43:11.461 [main] DEBUG o.s.d.j.repository.query.NamedQuery - Did not find named query TimerState.findByUserId
2025-12-07 13:43:11.461 [main] DEBUG o.s.o.j.SharedEntityManagerCreator$SharedEntityManagerInvocationHandler - Creating new EntityManager for shared EntityManager invocation
2025-12-07 13:43:11.467 [main] DEBUG o.s.d.j.repository.query.NamedQuery - Did not find named query TimerState.updateLastUpdated.count
2025-12-07 13:43:11.468 [main] DEBUG o.s.o.j.SharedEntityManagerCreator$SharedEntityManagerInvocationHandler - Creating new EntityManager for shared EntityManager invocation
2025-12-07 13:43:11.583 [main] DEBUG o.s.d.j.repository.query.NamedQuery - Looking up named query TimerState.findAllByUserId
2025-12-07 13:43:11.586 [main] DEBUG o.s.d.j.repository.query.NamedQuery - Did not find named query TimerState.findAllByUserId
2025-12-07 13:43:11.586 [main] DEBUG o.s.o.j.SharedEntityManagerCreator$SharedEntityManagerInvocationHandler - Creating new EntityManager for shared EntityManager invocation
2025-12-07 13:43:11.599 [main] DEBUG o.s.d.j.repository.query.NamedQuery - Did not find named query TimerState.findStaleTimerStates.count
2025-12-07 13:43:11.599 [main] DEBUG o.s.o.j.SharedEntityManagerCreator$SharedEntityManagerInvocationHandler - Creating new EntityManager for shared EntityManager invocation
2025-12-07 13:43:11.612 [main] DEBUG o.s.d.j.repository.query.NamedQuery - Looking up named query TimerState.existsByUserId
2025-12-07 13:43:11.612 [main] DEBUG o.s.d.j.repository.query.NamedQuery - Did not find named query TimerState.existsByUserId
2025-12-07 13:43:11.612 [main] DEBUG o.s.o.j.SharedEntityManagerCreator$SharedEntityManagerInvocationHandler - Creating new EntityManager for shared EntityManager invocation
2025-12-07 13:43:11.615 [main] DEBUG o.s.d.j.repository.query.NamedQuery - Did not find named query TimerState.findByUserIdWithLock.count
2025-12-07 13:43:11.615 [main] DEBUG o.s.o.j.SharedEntityManagerCreator$SharedEntityManagerInvocationHandler - Creating new EntityManager for shared EntityManager invocation
2025-12-07 13:43:11.624 [main] DEBUG o.s.d.r.c.s.RepositoryFactorySupport - Finished creation of repository instance for com.sparkage.timebeam.infrastructure.persistence.TimerStateRepository.
2025-12-07 13:43:11.681 [main] DEBUG o.s.b.f.s.DefaultListableBeanFactory - Creating shared instance of singleton bean 'transactionManager'
2025-12-07 13:43:11.699 [main] DEBUG o.s.b.f.s.DefaultListableBeanFactory - Creating shared instance of singleton bean 'platformTransactionManagerCustomizers'
2025-12-07 13:43:11.699 [main] DEBUG o.s.b.f.s.DefaultListableBeanFactory - Creating shared instance of singleton bean 'org.springframework.boot.autoconfigure.transaction.TransactionManagerCustomizationAutoConfiguration'
2025-12-07 13:43:11.707 [main] DEBUG o.s.b.f.s.DefaultListableBeanFactory - Creating shared instance of singleton bean 'transactionExecutionListeners'
2025-12-07 13:43:11.731 [main] DEBUG o.s.b.f.s.DefaultListableBeanFactory - Creating shared instance of singleton bean 'spring.transaction-org.springframework.boot.autoconfigure.transaction.TransactionProperties'
2025-12-07 13:43:11.758 [main] DEBUG o.s.orm.jpa.JpaTransactionManager - Creating new transaction with name [org.springframework.data.jpa.repository.support.SimpleJpaRepository.deleteAll]: PROPAGATION_REQUIRED,ISOLATION_DEFAULT
2025-12-07 13:43:11.758 [main] DEBUG o.s.orm.jpa.JpaTransactionManager - Opened new EntityManager [SessionImpl(700166768<open>)] for JPA transaction
2025-12-07 13:43:11.764 [main] DEBUG o.s.orm.jpa.JpaTransactionManager - Exposing JPA transaction as JDBC [org.springframework.orm.jpa.vendor.HibernateJpaDialect$HibernateConnectionHandle@4c90e6f5]
2025-12-07 13:43:11.818 [main] DEBUG org.hibernate.SQL - 
    select
        ts1_0.user_id,
        ts1_0.auto_start_next,
        ts1_0.break_duration_minutes,
        ts1_0.last_updated_at,
        ts1_0.long_break_duration_minutes,
        ts1_0.phase,
        ts1_0.remaining_seconds,
        ts1_0.is_running,
        ts1_0.short_breaks_completed,
        ts1_0.updated_by_device_id,
        ts1_0.version,
        ts1_0.work_duration_minutes 
    from
        timer_states ts1_0
2025-12-07 13:43:11.843 [main] DEBUG o.s.b.f.s.DefaultListableBeanFactory - Creating shared instance of singleton bean 'simpleMeterRegistry'
2025-12-07 13:43:11.843 [main] DEBUG o.s.b.f.s.DefaultListableBeanFactory - Creating shared instance of singleton bean 'org.springframework.boot.actuate.autoconfigure.metrics.export.simple.SimpleMetricsExportAutoConfiguration'
2025-12-07 13:43:11.850 [main] DEBUG o.s.b.f.s.DefaultListableBeanFactory - Creating shared instance of singleton bean 'simpleConfig'
2025-12-07 13:43:11.856 [main] DEBUG o.s.b.f.s.DefaultListableBeanFactory - Creating shared instance of singleton bean 'management.simple.metrics.export-org.springframework.boot.actuate.autoconfigure.metrics.export.simple.SimpleProperties'
2025-12-07 13:43:11.862 [main] DEBUG o.s.b.f.s.DefaultListableBeanFactory - Autowiring by type from bean name 'simpleConfig' via factory method to bean named 'management.simple.metrics.export-org.springframework.boot.actuate.autoconfigure.metrics.export.simple.SimpleProperties'
2025-12-07 13:43:11.869 [main] DEBUG o.s.b.f.s.DefaultListableBeanFactory - Creating shared instance of singleton bean 'micrometerClock'
[...]
	at org.junit.platform.launcher.core.EngineExecutionOrchestrator.execute(EngineExecutionOrchestrator.java:57)
	at org.junit.platform.launcher.core.DefaultLauncher.execute(DefaultLauncher.java:103)
	at org.junit.platform.launcher.core.DefaultLauncher.execute(DefaultLauncher.java:85)
	at org.junit.platform.launcher.core.DelegatingLauncher.execute(DelegatingLauncher.java:47)
	at org.apache.maven.surefire.junitplatform.LazyLauncher.execute(LazyLauncher.java:56)
	at org.apache.maven.surefire.junitplatform.JUnitPlatformProvider.execute(JUnitPlatformProvider.java:184)
	at org.apache.maven.surefire.junitplatform.JUnitPlatformProvider.invokeAllTests(JUnitPlatformProvider.java:148)
	at org.apache.maven.surefire.junitplatform.JUnitPlatformProvider.invoke(JUnitPlatformProvider.java:122)
	at org.apache.maven.surefire.booter.ForkedBooter.runSuitesInProcess(ForkedBooter.java:385)
	at org.apache.maven.surefire.booter.ForkedBooter.execute(ForkedBooter.java:162)
	at org.apache.maven.surefire.booter.ForkedBooter.run(ForkedBooter.java:507)
	at org.apache.maven.surefire.booter.ForkedBooter.main(ForkedBooter.java:495)
]]></system-out>
  </testcase>
  <testcase name="testNegativeRemainingSeconds_ValidationError" classname="com.sparkage.timebeam.presentation.controller.TimerSyncIntegrationTest" time="0.0">
    <error message="ApplicationContext failure threshold (1) exceeded: skipping repeated attempt to load context for [WebMergedContextConfiguration@babef5e testClass = com.sparkage.timebeam.presentation.controller.TimerSyncIntegrationTest, locations = [], classes = [com.sparkage.timebeam.TimeBeamBackendApplication], contextInitializerClasses = [], activeProfiles = [&quot;test&quot;], propertySourceDescriptors = [], propertySourceProperties = [&quot;org.springframework.boot.test.context.SpringBootTestContextBootstrapper=true&quot;], contextCustomizers = [[ImportsContextCustomizer@50bdd956 key = [org.springframework.boot.autoconfigure.task.TaskExecutionAutoConfiguration, org.springframework.boot.autoconfigure.web.servlet.HttpEncodingAutoConfiguration, org.springframework.boot.autoconfigure.validation.ValidationAutoConfiguration, org.springframework.boot.autoconfigure.context.MessageSourceAutoConfiguration, org.springframework.boot.autoconfigure.hateoas.HypermediaAutoConfiguration, org.springframework.boot.autoconfigure.data.web.SpringDataWebAutoConfiguration, org.springframework.boot.autoconfigure.jackson.JacksonAutoConfiguration, org.springframework.boot.autoconfigure.thymeleaf.ThymeleafAutoConfiguration, org.springframework.boot.autoconfigure.web.servlet.error.ErrorMvcAutoConfiguration, org.springframework.boot.autoconfigure.gson.GsonAutoConfiguration, org.springframework.boot.autoconfigure.jsonb.JsonbAutoConfiguration, org.springframework.boot.autoconfigure.freemarker.FreeMarkerAutoConfiguration, org.springframework.boot.autoconfigure.web.servlet.WebMvcAutoConfiguration, org.springframework.boot.autoconfigure.http.HttpMessageConvertersAutoConfiguration, org.springframework.boot.autoconfigure.groovy.template.GroovyTemplateAutoConfiguration, org.springframework.boot.autoconfigure.mustache.MustacheAutoConfiguration]], org.springframework.boot.test.context.filter.ExcludeFilterContextCustomizer@72465eb2, org.springframework.boot.test.json.DuplicateJsonObjectContextCustomizerFactory$DuplicateJsonObjectContextCustomizer@19b75b2b, org.springframework.boot.test.mock.mockito.MockitoContextCustomizer@0, org.springframework.boot.test.web.client.TestRestTemplateContextCustomizer@6d6ddeb5, org.springframework.boot.test.autoconfigure.actuate.observability.ObservabilityContextCustomizerFactory$DisableObservabilityContextCustomizer@1f, org.springframework.boot.test.autoconfigure.properties.PropertyMappingContextCustomizer@0, org.springframework.boot.test.autoconfigure.web.servlet.WebDriverContextCustomizer@6459f4ea, org.springframework.boot.test.context.SpringBootTestAnnotation@48cdde18], resourceBasePath = &quot;src/main/webapp&quot;, contextLoader = org.springframework.boot.test.context.SpringBootContextLoader, parent = null]" type="java.lang.IllegalStateException"><![CDATA[java.lang.IllegalStateException: ApplicationContext failure threshold (1) exceeded: skipping repeated attempt to load context for [WebMergedContextConfiguration@babef5e testClass = com.sparkage.timebeam.presentation.controller.TimerSyncIntegrationTest, locations = [], classes = [com.sparkage.timebeam.TimeBeamBackendApplication], contextInitializerClasses = [], activeProfiles = ["test"], propertySourceDescriptors = [], propertySourceProperties = ["org.springframework.boot.test.context.SpringBootTestContextBootstrapper=true"], contextCustomizers = [[ImportsContextCustomizer@50bdd956 key = [org.springframework.boot.autoconfigure.task.TaskExecutionAutoConfiguration, org.springframework.boot.autoconfigure.web.servlet.HttpEncodingAutoConfiguration, org.springframework.boot.autoconfigure.validation.ValidationAutoConfiguration, org.springframework.boot.autoconfigure.context.MessageSourceAutoConfiguration, org.springframework.boot.autoconfigure.hateoas.HypermediaAutoConfiguration, org.springframework.boot.autoconfigure.data.web.SpringDataWebAutoConfiguration, org.springframework.boot.autoconfigure.jackson.JacksonAutoConfiguration, org.springframework.boot.autoconfigure.thymeleaf.ThymeleafAutoConfiguration, org.springframework.boot.autoconfigure.web.servlet.error.ErrorMvcAutoConfiguration, org.springframework.boot.autoconfigure.gson.GsonAutoConfiguration, org.springframework.boot.autoconfigure.jsonb.JsonbAutoConfiguration, org.springframework.boot.autoconfigure.freemarker.FreeMarkerAutoConfiguration, org.springframework.boot.autoconfigure.web.servlet.WebMvcAutoConfiguration, org.springframework.boot.autoconfigure.http.HttpMessageConvertersAutoConfiguration, org.springframework.boot.autoconfigure.groovy.template.GroovyTemplateAutoConfiguration, org.springframework.boot.autoconfigure.mustache.MustacheAutoConfiguration]], org.springframework.boot.test.context.filter.ExcludeFilterContextCustomizer@72465eb2, org.springframework.boot.test.json.DuplicateJsonObjectContextCustomizerFactory$DuplicateJsonObjectContextCustomizer@19b75b2b, org.springframework.boot.test.mock.mockito.MockitoContextCustomizer@0, org.springframework.boot.test.web.client.TestRestTemplateContextCustomizer@6d6ddeb5, org.springframework.boot.test.autoconfigure.actuate.observability.ObservabilityContextCustomizerFactory$DisableObservabilityContextCustomizer@1f, org.springframework.boot.test.autoconfigure.properties.PropertyMappingContextCustomizer@0, org.springframework.boot.test.autoconfigure.web.servlet.WebDriverContextCustomizer@6459f4ea, org.springframework.boot.test.context.SpringBootTestAnnotation@48cdde18], resourceBasePath = "src/main/webapp", contextLoader = org.springframework.boot.test.context.SpringBootContextLoader, parent = null]
	at org.springframework.test.context.cache.DefaultCacheAwareContextLoaderDelegate.loadContext(DefaultCacheAwareContextLoaderDelegate.java:145)
	at org.springframework.test.context.support.DefaultTestContext.getApplicationContext(DefaultTestContext.java:130)
	at org.springframework.test.context.web.ServletTestExecutionListener.setUpRequestContextIfNecessary(ServletTestExecutionListener.java:191)
	at org.springframework.test.context.web.ServletTestExecutionListener.prepareTestInstance(ServletTestExecutionListener.java:130)
	at org.springframework.test.context.TestContextManager.prepareTestInstance(TestContextManager.java:247)
	at org.springframework.test.context.junit.jupiter.SpringExtension.postProcessTestInstance(SpringExtension.java:163)
	at java.base/java.util.stream.ReferencePipeline$3$1.accept(ReferencePipeline.java:214)
	at java.base/java.util.stream.ReferencePipeline$2$1.accept(ReferencePipeline.java:197)
	at java.base/java.util.ArrayList$ArrayListSpliterator.forEachRemaining(ArrayList.java:1716)
	at java.base/java.util.stream.AbstractPipeline.copyInto(AbstractPipeline.java:570)
	at java.base/java.util.stream.AbstractPipeline.wrapAndCopyInto(AbstractPipeline.java:560)
	at java.base/java.util.stream.StreamSpliterators$WrappingSpliterator.forEachRemaining(StreamSpliterators.java:315)
	at java.base/java.util.stream.Streams$ConcatSpliterator.forEachRemaining(Streams.java:735)
	at java.base/java.util.stream.Streams$ConcatSpliterator.forEachRemaining(Streams.java:734)
	at java.base/java.util.stream.ReferencePipeline$Head.forEach(ReferencePipeline.java:803)
	at java.base/java.util.Optional.orElseGet(Optional.java:364)
	at java.base/java.util.ArrayList.forEach(ArrayList.java:1604)
	at java.base/java.util.ArrayList.forEach(ArrayList.java:1604)
]]></error>
    <system-out><![CDATA[2025-12-07 13:43:12.212 [main] DEBUG o.springframework.test.context.cache - Spring test ApplicationContext cache statistics: [DefaultContextCache@24bdd996 size = 1, maxSize = 32, parentContextCount = 0, hitCount = 26, missCount = 17, failureCount = 1]
2025-12-07 13:43:12.212 [main] ERROR o.s.test.context.TestContextManager - Caught exception while allowing TestExecutionListener [org.springframework.test.context.web.ServletTestExecutionListener] to prepare test instance [com.sparkage.timebeam.presentation.controller.TimerSyncIntegrationTest@775b68a8]
java.lang.IllegalStateException: ApplicationContext failure threshold (1) exceeded: skipping repeated attempt to load context for [WebMergedContextConfiguration@babef5e testClass = com.sparkage.timebeam.presentation.controller.TimerSyncIntegrationTest, locations = [], classes = [com.sparkage.timebeam.TimeBeamBackendApplication], contextInitializerClasses = [], activeProfiles = ["test"], propertySourceDescriptors = [], propertySourceProperties = ["org.springframework.boot.test.context.SpringBootTestContextBootstrapper=true"], contextCustomizers = [[ImportsContextCustomizer@50bdd956 key = [org.springframework.boot.autoconfigure.task.TaskExecutionAutoConfiguration, org.springframework.boot.autoconfigure.web.servlet.HttpEncodingAutoConfiguration, org.springframework.boot.autoconfigure.validation.ValidationAutoConfiguration, org.springframework.boot.autoconfigure.context.MessageSourceAutoConfiguration, org.springframework.boot.autoconfigure.hateoas.HypermediaAutoConfiguration, org.springframework.boot.autoconfigure.data.web.SpringDataWebAutoConfiguration, org.springframework.boot.autoconfigure.jackson.JacksonAutoConfiguration, org.springframework.boot.autoconfigure.thymeleaf.ThymeleafAutoConfiguration, org.springframework.boot.autoconfigure.web.servlet.error.ErrorMvcAutoConfiguration, org.springframework.boot.autoconfigure.gson.GsonAutoConfiguration, org.springframework.boot.autoconfigure.jsonb.JsonbAutoConfiguration, org.springframework.boot.autoconfigure.freemarker.FreeMarkerAutoConfiguration, org.springframework.boot.autoconfigure.web.servlet.WebMvcAutoConfiguration, org.springframework.boot.autoconfigure.http.HttpMessageConvertersAutoConfiguration, org.springframework.boot.autoconfigure.groovy.template.GroovyTemplateAutoConfiguration, org.springframework.boot.autoconfigure.mustache.MustacheAutoConfiguration]], org.springframework.boot.test.context.filter.ExcludeFilterContextCustomizer@72465eb2, org.springframework.boot.test.json.DuplicateJsonObjectContextCustomizerFactory$DuplicateJsonObjectContextCustomizer@19b75b2b, org.springframework.boot.test.mock.mockito.MockitoContextCustomizer@0, org.springframework.boot.test.web.client.TestRestTemplateContextCustomizer@6d6ddeb5, org.springframework.boot.test.autoconfigure.actuate.observability.ObservabilityContextCustomizerFactory$DisableObservabilityContextCustomizer@1f, org.springframework.boot.test.autoconfigure.properties.PropertyMappingContextCustomizer@0, org.springframework.boot.test.autoconfigure.web.servlet.WebDriverContextCustomizer@6459f4ea, org.springframework.boot.test.context.SpringBootTestAnnotation@48cdde18], resourceBasePath = "src/main/webapp", contextLoader = org.springframework.boot.test.context.SpringBootContextLoader, parent = null]
	at org.springframework.test.context.cache.DefaultCacheAwareContextLoaderDelegate.loadContext(DefaultCacheAwareContextLoaderDelegate.java:145)
	at org.springframework.test.context.support.DefaultTestContext.getApplicationContext(DefaultTestContext.java:130)
	at org.springframework.test.context.web.ServletTestExecutionListener.setUpRequestContextIfNecessary(ServletTestExecutionListener.java:191)
	at org.springframework.test.context.web.ServletTestExecutionListener.prepareTestInstance(ServletTestExecutionListener.java:130)
	at org.springframework.test.context.TestContextManager.prepareTestInstance(TestContextManager.java:247)
	at org.springframework.test.context.junit.jupiter.SpringExtension.postProcessTestInstance(SpringExtension.java:163)
	at org.junit.jupiter.engine.descriptor.ClassBasedTestDescriptor.lambda$invokeTestInstancePostProcessors$10(ClassBasedTestDescriptor.java:378)
	at org.junit.jupiter.engine.descriptor.ClassBasedTestDescriptor.executeAndMaskThrowable(ClassBasedTestDescriptor.java:383)
	at org.junit.jupiter.engine.descriptor.ClassBasedTestDescriptor.lambda$invokeTestInstancePostProcessors$11(ClassBasedTestDescriptor.java:378)
	at java.base/java.util.stream.ReferencePipeline$3$1.accept(ReferencePipeline.java:214)
	at java.base/java.util.stream.ReferencePipeline$2$1.accept(ReferencePipeline.java:197)
	at java.base/java.util.ArrayList$ArrayListSpliterator.forEachRemaining(ArrayList.java:1716)
	at java.base/java.util.stream.AbstractPipeline.copyInto(AbstractPipeline.java:570)
	at java.base/java.util.stream.AbstractPipeline.wrapAndCopyInto(AbstractPipeline.java:560)
	at java.base/java.util.stream.StreamSpliterators$WrappingSpliterator.forEachRemaining(StreamSpliterators.java:315)
	at java.base/java.util.stream.Streams$ConcatSpliterator.forEachRemaining(Streams.java:735)
	at java.base/java.util.stream.Streams$ConcatSpliterator.forEachRemaining(Streams.java:734)
	at java.base/java.util.stream.ReferencePipeline$Head.forEach(ReferencePipeline.java:803)
	at org.junit.jupiter.engine.descriptor.ClassBasedTestDescriptor.invokeTestInstancePostProcessors(ClassBasedTestDescriptor.java:377)
	at org.junit.jupiter.engine.descriptor.ClassBasedTestDescriptor.lambda$instantiateAndPostProcessTestInstance$6(ClassBasedTestDescriptor.java:290)
	at org.junit.platform.engine.support.hierarchical.ThrowableCollector.execute(ThrowableCollector.java:73)
	at org.junit.jupiter.engine.descriptor.ClassBasedTestDescriptor.instantiateAndPostProcessTestInstance(ClassBasedTestDescriptor.java:289)
	at org.junit.jupiter.engine.descriptor.ClassBasedTestDescriptor.lambda$testInstancesProvider$4(ClassBasedTestDescriptor.java:279)
	at java.base/java.util.Optional.orElseGet(Optional.java:364)
	at org.junit.jupiter.engine.descriptor.ClassBasedTestDescriptor.lambda$testInstancesProvider$5(ClassBasedTestDescriptor.java:278)
	at org.junit.jupiter.engine.execution.TestInstancesProvider.getTestInstances(TestInstancesProvider.java:31)
	at org.junit.jupiter.engine.descriptor.TestMethodTestDescriptor.lambda$prepare$0(TestMethodTestDescriptor.java:106)
	at org.junit.platform.engine.support.hierarchical.ThrowableCollector.execute(ThrowableCollector.java:73)
	at org.junit.jupiter.engine.descriptor.TestMethodTestDescriptor.prepare(TestMethodTestDescriptor.java:105)
	at org.junit.jupiter.engine.descriptor.TestMethodTestDescriptor.prepare(TestMethodTestDescriptor.java:69)
	at org.junit.platform.engine.support.hierarchical.NodeTestTask.lambda$prepare$2(NodeTestTask.java:123)
	at org.junit.platform.engine.support.hierarchical.ThrowableCollector.execute(ThrowableCollector.java:73)
	at org.junit.platform.engine.support.hierarchical.NodeTestTask.prepare(NodeTestTask.java:123)
	at org.junit.platform.engine.support.hierarchical.NodeTestTask.execute(NodeTestTask.java:90)
	at java.base/java.util.ArrayList.forEach(ArrayList.java:1604)
	at org.junit.platform.engine.support.hierarchical.SameThreadHierarchicalTestExecutorService.invokeAll(SameThreadHierarchicalTestExecutorService.java:41)
	at org.junit.platform.engine.support.hierarchical.NodeTestTask.lambda$executeRecursively$6(NodeTestTask.java:155)
	at org.junit.platform.engine.support.hierarchical.ThrowableCollector.execute(ThrowableCollector.java:73)
	at org.junit.platform.engine.support.hierarchical.NodeTestTask.lambda$executeRecursively$8(NodeTestTask.java:141)
	at org.junit.platform.engine.support.hierarchical.Node.around(Node.java:137)
	at org.junit.platform.engine.support.hierarchical.NodeTestTask.lambda$executeRecursively$9(NodeTestTask.java:139)
	at org.junit.platform.engine.support.hierarchical.ThrowableCollector.execute(ThrowableCollector.java:73)
	at org.junit.platform.engine.support.hierarchical.NodeTestTask.executeRecursively(NodeTestTask.java:138)
	at org.junit.platform.engine.support.hierarchical.NodeTestTask.execute(NodeTestTask.java:95)
	at java.base/java.util.ArrayList.forEach(ArrayList.java:1604)
	at org.junit.platform.engine.support.hierarchical.SameThreadHierarchicalTestExecutorService.invokeAll(SameThreadHierarchicalTestExecutorService.java:41)
	at org.junit.platform.engine.support.hierarchical.NodeTestTask.lambda$executeRecursively$6(NodeTestTask.java:155)
	at org.junit.platform.engine.support.hierarchical.ThrowableCollector.execute(ThrowableCollector.java:73)
	at org.junit.platform.engine.support.hierarchical.NodeTestTask.lambda$executeRecursively$8(NodeTestTask.java:141)
	at org.junit.platform.engine.support.hierarchical.Node.around(Node.java:137)
	at org.junit.platform.engine.support.hierarchical.NodeTestTask.lambda$executeRecursively$9(NodeTestTask.java:139)
	at org.junit.platform.engine.support.hierarchical.ThrowableCollector.execute(ThrowableCollector.java:73)
	at org.junit.platform.engine.support.hierarchical.NodeTestTask.executeRecursively(NodeTestTask.java:138)
	at org.junit.platform.engine.support.hierarchical.NodeTestTask.execute(NodeTestTask.java:95)
	at org.junit.platform.engine.support.hierarchical.SameThreadHierarchicalTestExecutorService.submit(SameThreadHierarchicalTestExecutorService.java:35)
	at org.junit.platform.engine.support.hierarchical.HierarchicalTestExecutor.execute(HierarchicalTestExecutor.java:57)
	at org.junit.platform.engine.support.hierarchical.HierarchicalTestEngine.execute(HierarchicalTestEngine.java:54)
	at org.junit.platform.launcher.core.EngineExecutionOrchestrator.execute(EngineExecutionOrchestrator.java:198)
	at org.junit.platform.launcher.core.EngineExecutionOrchestrator.execute(EngineExecutionOrchestrator.java:169)
	at org.junit.platform.launcher.core.EngineExecutionOrchestrator.execute(EngineExecutionOrchestrator.java:93)
	at org.junit.platform.launcher.core.EngineExecutionOrchestrator.lambda$execute$0(EngineExecutionOrchestrator.java:58)
	at org.junit.platform.launcher.core.EngineExecutionOrchestrator.withInterceptedStreams(EngineExecutionOrchestrator.java:141)
	at org.junit.platform.launcher.core.EngineExecutionOrchestrator.execute(EngineExecutionOrchestrator.java:57)
	at org.junit.platform.launcher.core.DefaultLauncher.execute(DefaultLauncher.java:103)
	at org.junit.platform.launcher.core.DefaultLauncher.execute(DefaultLauncher.java:85)
	at org.junit.platform.launcher.core.DelegatingLauncher.execute(DelegatingLauncher.java:47)
	at org.apache.maven.surefire.junitplatform.LazyLauncher.execute(LazyLauncher.java:56)
	at org.apache.maven.surefire.junitplatform.JUnitPlatformProvider.execute(JUnitPlatformProvider.java:184)
	at org.apache.maven.surefire.junitplatform.JUnitPlatformProvider.invokeAllTests(JUnitPlatformProvider.java:148)
	at org.apache.maven.surefire.junitplatform.JUnitPlatformProvider.invoke(JUnitPlatformProvider.java:122)
	at org.apache.maven.surefire.booter.ForkedBooter.runSuitesInProcess(ForkedBooter.java:385)
	at org.apache.maven.surefire.booter.ForkedBooter.execute(ForkedBooter.java:162)
	at org.apache.maven.surefire.booter.ForkedBooter.run(ForkedBooter.java:507)
	at org.apache.maven.surefire.booter.ForkedBooter.main(ForkedBooter.java:495)
]]></system-out>
  </testcase>
</testsuite>